2018-03-21 10:00:01.264  INFO   --- [main] o.s.j.d.DriverManagerDataSource          : Loaded JDBC driver: com.mysql.jdbc.Driver
2018-03-21 10:00:01.364 DEBUG   --- [main] o.s.j.d.DriverManagerDataSource          : Creating new JDBC DriverManager Connection to [jdbc:mysql://localhost:3306/bitcon?useUnicode=true&characterEncoding=UTF-8]
2018-03-21 10:00:01.883 DEBUG   --- [main] com.hzz.common.dao.ModelDao              : [71c9ad89-e1f6-4ad6-9c72-295da9363683] update : INSERT INTO `bitcon_account` (`sellerCommission`) VALUES (?)
2018-03-21 10:00:01.884 DEBUG   --- [main] o.s.jdbc.core.JdbcTemplate               : Executing prepared SQL update
2018-03-21 10:00:01.885 DEBUG   --- [main] o.s.jdbc.core.JdbcTemplate               : Executing prepared SQL statement [INSERT INTO `bitcon_account` (`sellerCommission`) VALUES (?)]
2018-03-21 10:00:01.888 DEBUG   --- [main] o.s.jdbc.datasource.DataSourceUtils      : Fetching JDBC Connection from DataSource
2018-03-21 10:00:01.889 DEBUG   --- [main] o.s.j.d.DriverManagerDataSource          : Creating new JDBC DriverManager Connection to [jdbc:mysql://localhost:3306/bitcon?useUnicode=true&characterEncoding=UTF-8]
2018-03-21 10:00:01.970 DEBUG   --- [main] o.s.jdbc.core.JdbcTemplate               : SQL update affected 1 rows
2018-03-21 10:00:01.981 DEBUG   --- [main] o.s.jdbc.datasource.DataSourceUtils      : Returning JDBC Connection to DataSource
2018-03-21 10:00:01.982 DEBUG   --- [main] com.hzz.common.dao.ModelDao              : [71c9ad89-e1f6-4ad6-9c72-295da9363683] update success, return 1
2018-03-21 10:26:52.814 ERROR   --- [AWT-EventQueue-0] com.hzz.ui.InitUI                        : 数据库信息初始化开始写入配置
2018-03-21 10:26:52.844 ERROR   --- [AWT-EventQueue-0] com.hzz.ui.InitUI                        : 数据库信息初始化写入配置结束
2018-03-21 10:29:16.270 ERROR   --- [AWT-EventQueue-0] com.hzz.ui.InitUI                        : 数据库信息初始化开始写入配置
2018-03-21 10:29:16.306 ERROR   --- [AWT-EventQueue-0] com.hzz.ui.InitUI                        : 数据库信息初始化写入配置结束
2018-03-21 10:41:13.989  INFO   --- [AWT-EventQueue-0] com.hzz.utils.PropertiesUtils            : 加载属性文件开始
2018-03-21 10:41:13.993  INFO   --- [AWT-EventQueue-0] com.hzz.utils.PropertiesUtils            : 加载属性文件结束
2018-03-21 10:41:27.403 ERROR   --- [AWT-EventQueue-0] com.hzz.ui.InitUI                        : 数据库信息初始化开始写入配置
2018-03-21 10:41:27.405  INFO   --- [AWT-EventQueue-0] com.hzz.utils.PropertiesUtils            : 更新属性文件开始
2018-03-21 10:41:27.409  INFO   --- [AWT-EventQueue-0] com.hzz.utils.PropertiesUtils            : 更新属性文件结束
2018-03-21 10:41:27.409  INFO   --- [AWT-EventQueue-0] com.hzz.utils.PropertiesUtils            : 更新属性文件开始
2018-03-21 10:41:27.411  INFO   --- [AWT-EventQueue-0] com.hzz.utils.PropertiesUtils            : 更新属性文件结束
2018-03-21 10:41:27.412  INFO   --- [AWT-EventQueue-0] com.hzz.utils.PropertiesUtils            : 更新属性文件开始
2018-03-21 10:41:27.414  INFO   --- [AWT-EventQueue-0] com.hzz.utils.PropertiesUtils            : 更新属性文件结束
2018-03-21 10:41:27.415  INFO   --- [AWT-EventQueue-0] com.hzz.utils.PropertiesUtils            : 更新属性文件开始
2018-03-21 10:41:27.417  INFO   --- [AWT-EventQueue-0] com.hzz.utils.PropertiesUtils            : 更新属性文件结束
2018-03-21 10:41:27.418 ERROR   --- [AWT-EventQueue-0] com.hzz.ui.InitUI                        : 数据库信息初始化写入配置结束
2018-03-21 10:41:31.849  INFO   --- [AWT-EventQueue-0] com.hzz.utils.PropertiesUtils            : 加载属性文件开始
2018-03-21 10:41:31.853  INFO   --- [AWT-EventQueue-0] com.hzz.utils.PropertiesUtils            : 加载属性文件结束
2018-03-21 10:51:16.545  INFO   --- [AWT-EventQueue-0] com.hzz.utils.PropertiesUtils            : 加载属性文件开始
2018-03-21 10:51:16.549  INFO   --- [AWT-EventQueue-0] com.hzz.utils.PropertiesUtils            : 加载属性文件结束
2018-03-21 10:51:25.449 ERROR   --- [AWT-EventQueue-0] com.hzz.ui.InitUI                        : 数据库信息初始化开始写入配置
2018-03-21 10:51:25.451  INFO   --- [AWT-EventQueue-0] com.hzz.utils.PropertiesUtils            : 更新属性文件开始
2018-03-21 10:51:25.454  INFO   --- [AWT-EventQueue-0] com.hzz.utils.PropertiesUtils            : 更新属性文件结束
2018-03-21 10:51:25.455  INFO   --- [AWT-EventQueue-0] com.hzz.utils.PropertiesUtils            : 更新属性文件开始
2018-03-21 10:51:25.457  INFO   --- [AWT-EventQueue-0] com.hzz.utils.PropertiesUtils            : 更新属性文件结束
2018-03-21 10:51:25.458  INFO   --- [AWT-EventQueue-0] com.hzz.utils.PropertiesUtils            : 更新属性文件开始
2018-03-21 10:51:25.460  INFO   --- [AWT-EventQueue-0] com.hzz.utils.PropertiesUtils            : 更新属性文件结束
2018-03-21 10:51:25.461  INFO   --- [AWT-EventQueue-0] com.hzz.utils.PropertiesUtils            : 更新属性文件开始
2018-03-21 10:51:25.463  INFO   --- [AWT-EventQueue-0] com.hzz.utils.PropertiesUtils            : 更新属性文件结束
2018-03-21 10:51:25.463 ERROR   --- [AWT-EventQueue-0] com.hzz.ui.InitUI                        : 数据库信息初始化写入配置结束
2018-03-21 10:52:48.998  INFO   --- [AWT-EventQueue-0] com.hzz.utils.PropertiesUtils            : 加载属性文件开始
2018-03-21 10:52:49.002  INFO   --- [AWT-EventQueue-0] com.hzz.utils.PropertiesUtils            : 加载属性文件结束
2018-03-21 11:00:47.440  INFO   --- [AWT-EventQueue-0] com.hzz.utils.PropertiesUtils            : 加载属性文件开始
2018-03-21 11:00:47.445  INFO   --- [AWT-EventQueue-0] com.hzz.utils.PropertiesUtils            : 加载属性文件结束
2018-03-21 11:02:09.755  INFO   --- [AWT-EventQueue-0] com.hzz.utils.PropertiesUtils            : 加载属性文件开始
2018-03-21 11:02:09.759  INFO   --- [AWT-EventQueue-0] com.hzz.utils.PropertiesUtils            : 加载属性文件结束
2018-03-21 11:02:20.578  INFO   --- [AWT-EventQueue-0] com.hzz.utils.PropertiesUtils            : 加载属性文件开始
2018-03-21 11:02:20.582  INFO   --- [AWT-EventQueue-0] com.hzz.utils.PropertiesUtils            : 加载属性文件结束
2018-03-21 11:03:49.911  INFO   --- [AWT-EventQueue-0] com.hzz.utils.PropertiesUtils            : 加载属性文件开始
2018-03-21 11:03:49.916  INFO   --- [AWT-EventQueue-0] com.hzz.utils.PropertiesUtils            : 加载属性文件结束
2018-03-21 11:05:21.480  INFO   --- [AWT-EventQueue-0] com.hzz.utils.PropertiesUtils            : 加载属性文件开始
2018-03-21 11:05:21.484  INFO   --- [AWT-EventQueue-0] com.hzz.utils.PropertiesUtils            : 加载属性文件结束
2018-03-21 11:06:01.503  INFO   --- [AWT-EventQueue-0] com.hzz.utils.PropertiesUtils            : 加载属性文件开始
2018-03-21 11:06:01.507  INFO   --- [AWT-EventQueue-0] com.hzz.utils.PropertiesUtils            : 加载属性文件结束
2018-03-21 11:06:04.314  INFO   --- [AWT-EventQueue-0] com.hzz.utils.PropertiesUtils            : 加载属性文件开始
2018-03-21 11:06:04.315  INFO   --- [AWT-EventQueue-0] com.hzz.utils.PropertiesUtils            : 加载属性文件结束
2018-03-21 11:06:13.397  INFO   --- [AWT-EventQueue-0] com.hzz.utils.PropertiesUtils            : 加载属性文件开始
2018-03-21 11:06:13.397  INFO   --- [AWT-EventQueue-0] com.hzz.utils.PropertiesUtils            : 加载属性文件结束
2018-03-21 11:42:24.851  INFO   --- [AWT-EventQueue-0] com.hzz.utils.PropertiesUtils            : 加载属性文件开始
2018-03-21 11:42:24.855  INFO   --- [AWT-EventQueue-0] com.hzz.utils.PropertiesUtils            : 加载属性文件结束
2018-03-21 11:42:29.246  INFO   --- [AWT-EventQueue-0] com.hzz.utils.PropertiesUtils            : 加载属性文件开始
2018-03-21 11:42:29.246  INFO   --- [AWT-EventQueue-0] com.hzz.utils.PropertiesUtils            : 加载属性文件结束
2018-03-21 11:42:29.277  INFO   --- [AWT-EventQueue-0] o.s.j.d.DriverManagerDataSource          : Loaded JDBC driver: com.mysql.jdbc.Driver
2018-03-21 11:42:29.394 DEBUG   --- [AWT-EventQueue-0] com.hzz.common.dao.ModelDao              : [369e4b5a-73f4-49c4-974e-fb3ffbbe17ec] select : SELECT `id`,`secret_key`,`api_key`,`salt` FROM `bitcon_user`
2018-03-21 11:42:29.463 DEBUG   --- [AWT-EventQueue-0] o.s.jdbc.core.JdbcTemplate               : Executing prepared SQL query
2018-03-21 11:42:29.464 DEBUG   --- [AWT-EventQueue-0] o.s.jdbc.core.JdbcTemplate               : Executing prepared SQL statement [SELECT `id`,`secret_key`,`api_key`,`salt` FROM `bitcon_user`]
2018-03-21 11:42:29.468 DEBUG   --- [AWT-EventQueue-0] o.s.jdbc.datasource.DataSourceUtils      : Fetching JDBC Connection from DataSource
2018-03-21 11:42:29.468 DEBUG   --- [AWT-EventQueue-0] o.s.j.d.DriverManagerDataSource          : Creating new JDBC DriverManager Connection to [jdbc:mysql://localhost:3306/bitcon?useUnicode=true&characterEncoding=UTF-8]
2018-03-21 11:42:29.664 DEBUG   --- [AWT-EventQueue-0] o.s.jdbc.datasource.DataSourceUtils      : Returning JDBC Connection to DataSource
2018-03-21 11:42:29.666 DEBUG   --- [AWT-EventQueue-0] com.hzz.common.dao.ModelDao              : [369e4b5a-73f4-49c4-974e-fb3ffbbe17ec] select success, return count 0
2018-03-21 11:43:00.277  INFO   --- [AWT-EventQueue-0] com.hzz.utils.PropertiesUtils            : 加载属性文件开始
2018-03-21 11:43:00.281  INFO   --- [AWT-EventQueue-0] com.hzz.utils.PropertiesUtils            : 加载属性文件结束
2018-03-21 11:43:00.294  INFO   --- [AWT-EventQueue-0] o.s.j.d.DriverManagerDataSource          : Loaded JDBC driver: com.mysql.jdbc.Driver
2018-03-21 11:43:00.395 DEBUG   --- [AWT-EventQueue-0] com.hzz.common.dao.ModelDao              : [f2dd2141-94a4-4a94-a410-dbd9ba17190f] select : SELECT `id`,`secret_key`,`api_key`,`salt` FROM `bitcon_user`
2018-03-21 11:43:00.461 DEBUG   --- [AWT-EventQueue-0] o.s.jdbc.core.JdbcTemplate               : Executing prepared SQL query
2018-03-21 11:43:00.461 DEBUG   --- [AWT-EventQueue-0] o.s.jdbc.core.JdbcTemplate               : Executing prepared SQL statement [SELECT `id`,`secret_key`,`api_key`,`salt` FROM `bitcon_user`]
2018-03-21 11:43:00.465 DEBUG   --- [AWT-EventQueue-0] o.s.jdbc.datasource.DataSourceUtils      : Fetching JDBC Connection from DataSource
2018-03-21 11:43:00.465 DEBUG   --- [AWT-EventQueue-0] o.s.j.d.DriverManagerDataSource          : Creating new JDBC DriverManager Connection to [jdbc:mysql://localhost:3306/bitcon?useUnicode=true&characterEncoding=UTF-8]
2018-03-21 11:43:00.661 DEBUG   --- [AWT-EventQueue-0] o.s.jdbc.datasource.DataSourceUtils      : Returning JDBC Connection to DataSource
2018-03-21 11:43:00.662 DEBUG   --- [AWT-EventQueue-0] com.hzz.common.dao.ModelDao              : [f2dd2141-94a4-4a94-a410-dbd9ba17190f] select success, return count 0
2018-03-21 11:44:09.736  INFO   --- [AWT-EventQueue-0] com.hzz.utils.PropertiesUtils            : 加载属性文件开始
2018-03-21 11:44:09.736  INFO   --- [AWT-EventQueue-0] com.hzz.utils.PropertiesUtils            : 加载属性文件结束
2018-03-21 11:44:09.736  INFO   --- [AWT-EventQueue-0] o.s.j.d.DriverManagerDataSource          : Loaded JDBC driver: com.mysql.jdbc.Driver
2018-03-21 11:44:09.736  INFO   --- [AWT-EventQueue-0] com.hzz.ui.UserKeyUI                     : 插入用户表开始
2018-03-21 11:44:09.737 DEBUG   --- [AWT-EventQueue-0] com.hzz.common.dao.ModelDao              : [a52b7da8-c854-4c6f-af23-06829fde1981] select : SELECT `id`,`secret_key`,`api_key`,`salt` FROM `bitcon_user`
2018-03-21 11:44:09.737 DEBUG   --- [AWT-EventQueue-0] o.s.jdbc.core.JdbcTemplate               : Executing prepared SQL query
2018-03-21 11:44:09.737 DEBUG   --- [AWT-EventQueue-0] o.s.jdbc.core.JdbcTemplate               : Executing prepared SQL statement [SELECT `id`,`secret_key`,`api_key`,`salt` FROM `bitcon_user`]
2018-03-21 11:44:09.737 DEBUG   --- [AWT-EventQueue-0] o.s.jdbc.datasource.DataSourceUtils      : Fetching JDBC Connection from DataSource
2018-03-21 11:44:09.737 DEBUG   --- [AWT-EventQueue-0] o.s.j.d.DriverManagerDataSource          : Creating new JDBC DriverManager Connection to [jdbc:mysql://localhost:3306/bitcon?useUnicode=true&characterEncoding=UTF-8]
2018-03-21 11:44:09.742 DEBUG   --- [AWT-EventQueue-0] o.s.jdbc.datasource.DataSourceUtils      : Returning JDBC Connection to DataSource
2018-03-21 11:44:09.743 DEBUG   --- [AWT-EventQueue-0] com.hzz.common.dao.ModelDao              : [a52b7da8-c854-4c6f-af23-06829fde1981] select success, return count 0
2018-03-21 11:44:34.211  INFO   --- [AWT-EventQueue-0] com.hzz.utils.PropertiesUtils            : 加载属性文件开始
2018-03-21 11:44:34.215  INFO   --- [AWT-EventQueue-0] com.hzz.utils.PropertiesUtils            : 加载属性文件结束
2018-03-21 11:44:34.228  INFO   --- [AWT-EventQueue-0] o.s.j.d.DriverManagerDataSource          : Loaded JDBC driver: com.mysql.jdbc.Driver
2018-03-21 11:44:34.326 DEBUG   --- [AWT-EventQueue-0] com.hzz.common.dao.ModelDao              : [7172cf09-8ec1-407c-b51c-3a5724239f1f] select : SELECT `id`,`secret_key`,`api_key`,`salt` FROM `bitcon_user`
2018-03-21 11:44:34.391 DEBUG   --- [AWT-EventQueue-0] o.s.jdbc.core.JdbcTemplate               : Executing prepared SQL query
2018-03-21 11:44:34.391 DEBUG   --- [AWT-EventQueue-0] o.s.jdbc.core.JdbcTemplate               : Executing prepared SQL statement [SELECT `id`,`secret_key`,`api_key`,`salt` FROM `bitcon_user`]
2018-03-21 11:44:34.395 DEBUG   --- [AWT-EventQueue-0] o.s.jdbc.datasource.DataSourceUtils      : Fetching JDBC Connection from DataSource
2018-03-21 11:44:34.395 DEBUG   --- [AWT-EventQueue-0] o.s.j.d.DriverManagerDataSource          : Creating new JDBC DriverManager Connection to [jdbc:mysql://localhost:3306/bitcon?useUnicode=true&characterEncoding=UTF-8]
2018-03-21 11:44:34.594 DEBUG   --- [AWT-EventQueue-0] o.s.jdbc.datasource.DataSourceUtils      : Returning JDBC Connection to DataSource
2018-03-21 11:44:34.595 DEBUG   --- [AWT-EventQueue-0] com.hzz.common.dao.ModelDao              : [7172cf09-8ec1-407c-b51c-3a5724239f1f] select success, return count 0
2018-03-21 11:44:46.009  INFO   --- [AWT-EventQueue-0] com.hzz.utils.PropertiesUtils            : 加载属性文件开始
2018-03-21 11:44:46.010  INFO   --- [AWT-EventQueue-0] com.hzz.utils.PropertiesUtils            : 加载属性文件结束
2018-03-21 11:44:46.010  INFO   --- [AWT-EventQueue-0] o.s.j.d.DriverManagerDataSource          : Loaded JDBC driver: com.mysql.jdbc.Driver
2018-03-21 11:44:46.011  INFO   --- [AWT-EventQueue-0] com.hzz.ui.UserKeyUI                     : 插入用户表开始
2018-03-21 11:44:46.012 DEBUG   --- [AWT-EventQueue-0] com.hzz.common.dao.ModelDao              : [9bad0c52-cfb3-4927-be7e-f85c6a5820ae] select : SELECT `id`,`secret_key`,`api_key`,`salt` FROM `bitcon_user`
2018-03-21 11:44:46.013 DEBUG   --- [AWT-EventQueue-0] o.s.jdbc.core.JdbcTemplate               : Executing prepared SQL query
2018-03-21 11:44:46.013 DEBUG   --- [AWT-EventQueue-0] o.s.jdbc.core.JdbcTemplate               : Executing prepared SQL statement [SELECT `id`,`secret_key`,`api_key`,`salt` FROM `bitcon_user`]
2018-03-21 11:44:46.014 DEBUG   --- [AWT-EventQueue-0] o.s.jdbc.datasource.DataSourceUtils      : Fetching JDBC Connection from DataSource
2018-03-21 11:44:46.014 DEBUG   --- [AWT-EventQueue-0] o.s.j.d.DriverManagerDataSource          : Creating new JDBC DriverManager Connection to [jdbc:mysql://localhost:3306/bitcon?useUnicode=true&characterEncoding=UTF-8]
2018-03-21 11:44:46.029 DEBUG   --- [AWT-EventQueue-0] o.s.jdbc.datasource.DataSourceUtils      : Returning JDBC Connection to DataSource
2018-03-21 11:44:46.030 DEBUG   --- [AWT-EventQueue-0] com.hzz.common.dao.ModelDao              : [9bad0c52-cfb3-4927-be7e-f85c6a5820ae] select success, return count 0
2018-03-21 11:44:46.164 DEBUG   --- [AWT-EventQueue-0] o.s.j.d.DriverManagerDataSource          : Creating new JDBC DriverManager Connection to [jdbc:mysql://localhost:3306/bitcon?useUnicode=true&characterEncoding=UTF-8]
2018-03-21 11:44:46.168 DEBUG   --- [AWT-EventQueue-0] com.hzz.common.dao.ModelDao              : [0ee32824-1b13-418f-abd9-87736bb399db] update : INSERT INTO `bitcon_user` (`secret_key`,`api_key`,`salt`) VALUES (?,?,?) ON DUPLICATE KEY UPDATE `secret_key`=VALUES(`secret_key`),`api_key`=VALUES(`api_key`),`salt`=VALUES(`salt`)
2018-03-21 11:44:46.168 DEBUG   --- [AWT-EventQueue-0] o.s.jdbc.core.JdbcTemplate               : Executing prepared SQL update
2018-03-21 11:44:46.169 DEBUG   --- [AWT-EventQueue-0] o.s.jdbc.core.JdbcTemplate               : Executing prepared SQL statement [INSERT INTO `bitcon_user` (`secret_key`,`api_key`,`salt`) VALUES (?,?,?) ON DUPLICATE KEY UPDATE `secret_key`=VALUES(`secret_key`),`api_key`=VALUES(`api_key`),`salt`=VALUES(`salt`)]
2018-03-21 11:44:46.169 DEBUG   --- [AWT-EventQueue-0] o.s.jdbc.datasource.DataSourceUtils      : Fetching JDBC Connection from DataSource
2018-03-21 11:44:46.169 DEBUG   --- [AWT-EventQueue-0] o.s.j.d.DriverManagerDataSource          : Creating new JDBC DriverManager Connection to [jdbc:mysql://localhost:3306/bitcon?useUnicode=true&characterEncoding=UTF-8]
2018-03-21 11:44:46.203 DEBUG   --- [AWT-EventQueue-0] o.s.jdbc.core.JdbcTemplate               : SQL update affected 1 rows
2018-03-21 11:44:46.203 DEBUG   --- [AWT-EventQueue-0] o.s.jdbc.datasource.DataSourceUtils      : Returning JDBC Connection to DataSource
2018-03-21 11:44:46.204 DEBUG   --- [AWT-EventQueue-0] com.hzz.common.dao.ModelDao              : [0ee32824-1b13-418f-abd9-87736bb399db] update success, return 1
2018-03-21 11:44:46.204  INFO   --- [AWT-EventQueue-0] com.hzz.ui.UserKeyUI                     : 插入用户表结束
2018-03-21 11:45:01.401  INFO   --- [AWT-EventQueue-0] com.hzz.utils.PropertiesUtils            : 加载属性文件开始
2018-03-21 11:45:01.401  INFO   --- [AWT-EventQueue-0] com.hzz.utils.PropertiesUtils            : 加载属性文件结束
2018-03-21 11:45:01.401  INFO   --- [AWT-EventQueue-0] o.s.j.d.DriverManagerDataSource          : Loaded JDBC driver: com.mysql.jdbc.Driver
2018-03-21 11:45:01.402 DEBUG   --- [AWT-EventQueue-0] com.hzz.common.dao.ModelDao              : [1ef2ee7b-70d8-4fd3-9baf-175c996b8f9b] select : SELECT `id`,`secret_key`,`api_key`,`salt` FROM `bitcon_user`
2018-03-21 11:45:01.402 DEBUG   --- [AWT-EventQueue-0] o.s.jdbc.core.JdbcTemplate               : Executing prepared SQL query
2018-03-21 11:45:01.402 DEBUG   --- [AWT-EventQueue-0] o.s.jdbc.core.JdbcTemplate               : Executing prepared SQL statement [SELECT `id`,`secret_key`,`api_key`,`salt` FROM `bitcon_user`]
2018-03-21 11:45:01.402 DEBUG   --- [AWT-EventQueue-0] o.s.jdbc.datasource.DataSourceUtils      : Fetching JDBC Connection from DataSource
2018-03-21 11:45:01.402 DEBUG   --- [AWT-EventQueue-0] o.s.j.d.DriverManagerDataSource          : Creating new JDBC DriverManager Connection to [jdbc:mysql://localhost:3306/bitcon?useUnicode=true&characterEncoding=UTF-8]
2018-03-21 11:45:01.415 DEBUG   --- [AWT-EventQueue-0] o.s.jdbc.core.BeanPropertyRowMapper      : Mapping column 'id' to property 'id' of type 'java.lang.Long'
2018-03-21 11:45:01.420 DEBUG   --- [AWT-EventQueue-0] o.s.jdbc.core.BeanPropertyRowMapper      : Mapping column 'secret_key' to property 'secret_key' of type 'java.lang.String'
2018-03-21 11:45:01.421 DEBUG   --- [AWT-EventQueue-0] o.s.jdbc.core.BeanPropertyRowMapper      : Mapping column 'api_key' to property 'api_key' of type 'java.lang.String'
2018-03-21 11:45:01.421 DEBUG   --- [AWT-EventQueue-0] o.s.jdbc.core.BeanPropertyRowMapper      : Mapping column 'salt' to property 'salt' of type 'java.lang.String'
2018-03-21 11:45:01.422 DEBUG   --- [AWT-EventQueue-0] o.s.jdbc.datasource.DataSourceUtils      : Returning JDBC Connection to DataSource
2018-03-21 11:45:01.423 DEBUG   --- [AWT-EventQueue-0] com.hzz.common.dao.ModelDao              : [1ef2ee7b-70d8-4fd3-9baf-175c996b8f9b] select success, return count 1
2018-03-21 11:46:42.226  INFO   --- [AWT-EventQueue-0] com.hzz.utils.PropertiesUtils            : 加载属性文件开始
2018-03-21 11:46:42.227  INFO   --- [AWT-EventQueue-0] com.hzz.utils.PropertiesUtils            : 加载属性文件结束
2018-03-21 11:46:45.015  INFO   --- [AWT-EventQueue-0] com.hzz.utils.PropertiesUtils            : 加载属性文件开始
2018-03-21 11:46:45.015  INFO   --- [AWT-EventQueue-0] com.hzz.utils.PropertiesUtils            : 加载属性文件结束
2018-03-21 11:46:45.015  INFO   --- [AWT-EventQueue-0] o.s.j.d.DriverManagerDataSource          : Loaded JDBC driver: com.mysql.jdbc.Driver
2018-03-21 11:46:45.017 DEBUG   --- [AWT-EventQueue-0] com.hzz.common.dao.ModelDao              : [11b280aa-8083-4a4d-8873-01e1610fc181] select : SELECT `id`,`secret_key`,`api_key`,`salt` FROM `bitcon_user`
2018-03-21 11:46:45.017 DEBUG   --- [AWT-EventQueue-0] o.s.jdbc.core.JdbcTemplate               : Executing prepared SQL query
2018-03-21 11:46:45.018 DEBUG   --- [AWT-EventQueue-0] o.s.jdbc.core.JdbcTemplate               : Executing prepared SQL statement [SELECT `id`,`secret_key`,`api_key`,`salt` FROM `bitcon_user`]
2018-03-21 11:46:45.018 DEBUG   --- [AWT-EventQueue-0] o.s.jdbc.datasource.DataSourceUtils      : Fetching JDBC Connection from DataSource
2018-03-21 11:46:45.018 DEBUG   --- [AWT-EventQueue-0] o.s.j.d.DriverManagerDataSource          : Creating new JDBC DriverManager Connection to [jdbc:mysql://localhost:3306/bitcon?useUnicode=true&characterEncoding=UTF-8]
2018-03-21 11:46:45.034 DEBUG   --- [AWT-EventQueue-0] o.s.jdbc.core.BeanPropertyRowMapper      : Mapping column 'id' to property 'id' of type 'java.lang.Long'
2018-03-21 11:46:45.036 DEBUG   --- [AWT-EventQueue-0] o.s.jdbc.core.BeanPropertyRowMapper      : Mapping column 'secret_key' to property 'secret_key' of type 'java.lang.String'
2018-03-21 11:46:45.036 DEBUG   --- [AWT-EventQueue-0] o.s.jdbc.core.BeanPropertyRowMapper      : Mapping column 'api_key' to property 'api_key' of type 'java.lang.String'
2018-03-21 11:46:45.037 DEBUG   --- [AWT-EventQueue-0] o.s.jdbc.core.BeanPropertyRowMapper      : Mapping column 'salt' to property 'salt' of type 'java.lang.String'
2018-03-21 11:46:45.038 DEBUG   --- [AWT-EventQueue-0] o.s.jdbc.datasource.DataSourceUtils      : Returning JDBC Connection to DataSource
2018-03-21 11:46:45.040 DEBUG   --- [AWT-EventQueue-0] com.hzz.common.dao.ModelDao              : [11b280aa-8083-4a4d-8873-01e1610fc181] select success, return count 1
2018-03-21 11:46:53.176  INFO   --- [AWT-EventQueue-0] com.hzz.utils.PropertiesUtils            : 加载属性文件开始
2018-03-21 11:46:53.177  INFO   --- [AWT-EventQueue-0] com.hzz.utils.PropertiesUtils            : 加载属性文件结束
2018-03-21 11:46:55.495  INFO   --- [AWT-EventQueue-0] com.hzz.utils.PropertiesUtils            : 加载属性文件开始
2018-03-21 11:46:55.496  INFO   --- [AWT-EventQueue-0] com.hzz.utils.PropertiesUtils            : 加载属性文件结束
2018-03-21 11:46:55.497  INFO   --- [AWT-EventQueue-0] o.s.j.d.DriverManagerDataSource          : Loaded JDBC driver: com.mysql.jdbc.Driver
2018-03-21 11:46:55.498 DEBUG   --- [AWT-EventQueue-0] com.hzz.common.dao.ModelDao              : [cb53da69-55d9-4304-b4b4-462a3ccb2bb9] select : SELECT `id`,`secret_key`,`api_key`,`salt` FROM `bitcon_user`
2018-03-21 11:46:55.498 DEBUG   --- [AWT-EventQueue-0] o.s.jdbc.core.JdbcTemplate               : Executing prepared SQL query
2018-03-21 11:46:55.499 DEBUG   --- [AWT-EventQueue-0] o.s.jdbc.core.JdbcTemplate               : Executing prepared SQL statement [SELECT `id`,`secret_key`,`api_key`,`salt` FROM `bitcon_user`]
2018-03-21 11:46:55.499 DEBUG   --- [AWT-EventQueue-0] o.s.jdbc.datasource.DataSourceUtils      : Fetching JDBC Connection from DataSource
2018-03-21 11:46:55.499 DEBUG   --- [AWT-EventQueue-0] o.s.j.d.DriverManagerDataSource          : Creating new JDBC DriverManager Connection to [jdbc:mysql://localhost:3306/bitcon?useUnicode=true&characterEncoding=UTF-8]
2018-03-21 11:46:55.512 DEBUG   --- [AWT-EventQueue-0] o.s.jdbc.core.BeanPropertyRowMapper      : Mapping column 'id' to property 'id' of type 'java.lang.Long'
2018-03-21 11:46:55.513 DEBUG   --- [AWT-EventQueue-0] o.s.jdbc.core.BeanPropertyRowMapper      : Mapping column 'secret_key' to property 'secret_key' of type 'java.lang.String'
2018-03-21 11:46:55.513 DEBUG   --- [AWT-EventQueue-0] o.s.jdbc.core.BeanPropertyRowMapper      : Mapping column 'api_key' to property 'api_key' of type 'java.lang.String'
2018-03-21 11:46:55.513 DEBUG   --- [AWT-EventQueue-0] o.s.jdbc.core.BeanPropertyRowMapper      : Mapping column 'salt' to property 'salt' of type 'java.lang.String'
2018-03-21 11:46:55.514 DEBUG   --- [AWT-EventQueue-0] o.s.jdbc.datasource.DataSourceUtils      : Returning JDBC Connection to DataSource
2018-03-21 11:46:55.515 DEBUG   --- [AWT-EventQueue-0] com.hzz.common.dao.ModelDao              : [cb53da69-55d9-4304-b4b4-462a3ccb2bb9] select success, return count 1
2018-03-21 11:46:57.848  INFO   --- [AWT-EventQueue-0] com.hzz.utils.PropertiesUtils            : 加载属性文件开始
2018-03-21 11:46:57.848  INFO   --- [AWT-EventQueue-0] com.hzz.utils.PropertiesUtils            : 加载属性文件结束
2018-03-21 11:47:00.639  INFO   --- [AWT-EventQueue-0] com.hzz.utils.PropertiesUtils            : 加载属性文件开始
2018-03-21 11:47:00.640  INFO   --- [AWT-EventQueue-0] com.hzz.utils.PropertiesUtils            : 加载属性文件结束
2018-03-21 11:47:03.173  INFO   --- [AWT-EventQueue-0] com.hzz.utils.PropertiesUtils            : 加载属性文件开始
2018-03-21 11:47:03.173  INFO   --- [AWT-EventQueue-0] com.hzz.utils.PropertiesUtils            : 加载属性文件结束
2018-03-21 11:47:03.174  INFO   --- [AWT-EventQueue-0] o.s.j.d.DriverManagerDataSource          : Loaded JDBC driver: com.mysql.jdbc.Driver
2018-03-21 11:47:03.175 DEBUG   --- [AWT-EventQueue-0] com.hzz.common.dao.ModelDao              : [0514f75c-e9e0-43ab-8ae8-5ae1b9be8a0f] select : SELECT `id`,`secret_key`,`api_key`,`salt` FROM `bitcon_user`
2018-03-21 11:47:03.175 DEBUG   --- [AWT-EventQueue-0] o.s.jdbc.core.JdbcTemplate               : Executing prepared SQL query
2018-03-21 11:47:03.175 DEBUG   --- [AWT-EventQueue-0] o.s.jdbc.core.JdbcTemplate               : Executing prepared SQL statement [SELECT `id`,`secret_key`,`api_key`,`salt` FROM `bitcon_user`]
2018-03-21 11:47:03.175 DEBUG   --- [AWT-EventQueue-0] o.s.jdbc.datasource.DataSourceUtils      : Fetching JDBC Connection from DataSource
2018-03-21 11:47:03.176 DEBUG   --- [AWT-EventQueue-0] o.s.j.d.DriverManagerDataSource          : Creating new JDBC DriverManager Connection to [jdbc:mysql://localhost:3306/bitcon?useUnicode=true&characterEncoding=UTF-8]
2018-03-21 11:47:03.189 DEBUG   --- [AWT-EventQueue-0] o.s.jdbc.core.BeanPropertyRowMapper      : Mapping column 'id' to property 'id' of type 'java.lang.Long'
2018-03-21 11:47:03.190 DEBUG   --- [AWT-EventQueue-0] o.s.jdbc.core.BeanPropertyRowMapper      : Mapping column 'secret_key' to property 'secret_key' of type 'java.lang.String'
2018-03-21 11:47:03.190 DEBUG   --- [AWT-EventQueue-0] o.s.jdbc.core.BeanPropertyRowMapper      : Mapping column 'api_key' to property 'api_key' of type 'java.lang.String'
2018-03-21 11:47:03.191 DEBUG   --- [AWT-EventQueue-0] o.s.jdbc.core.BeanPropertyRowMapper      : Mapping column 'salt' to property 'salt' of type 'java.lang.String'
2018-03-21 11:47:03.193 DEBUG   --- [AWT-EventQueue-0] o.s.jdbc.datasource.DataSourceUtils      : Returning JDBC Connection to DataSource
2018-03-21 11:47:03.194 DEBUG   --- [AWT-EventQueue-0] com.hzz.common.dao.ModelDao              : [0514f75c-e9e0-43ab-8ae8-5ae1b9be8a0f] select success, return count 1
2018-03-21 11:47:05.468  INFO   --- [AWT-EventQueue-0] com.hzz.utils.PropertiesUtils            : 加载属性文件开始
2018-03-21 11:47:05.469  INFO   --- [AWT-EventQueue-0] com.hzz.utils.PropertiesUtils            : 加载属性文件结束
2018-03-21 11:47:05.469  INFO   --- [AWT-EventQueue-0] o.s.j.d.DriverManagerDataSource          : Loaded JDBC driver: com.mysql.jdbc.Driver
2018-03-21 11:47:05.470 DEBUG   --- [AWT-EventQueue-0] com.hzz.common.dao.ModelDao              : [1ed3cab2-c994-42ae-91e0-67d96b8838e5] select : SELECT `id`,`secret_key`,`api_key`,`salt` FROM `bitcon_user`
2018-03-21 11:47:05.471 DEBUG   --- [AWT-EventQueue-0] o.s.jdbc.core.JdbcTemplate               : Executing prepared SQL query
2018-03-21 11:47:05.471 DEBUG   --- [AWT-EventQueue-0] o.s.jdbc.core.JdbcTemplate               : Executing prepared SQL statement [SELECT `id`,`secret_key`,`api_key`,`salt` FROM `bitcon_user`]
2018-03-21 11:47:05.472 DEBUG   --- [AWT-EventQueue-0] o.s.jdbc.datasource.DataSourceUtils      : Fetching JDBC Connection from DataSource
2018-03-21 11:47:05.472 DEBUG   --- [AWT-EventQueue-0] o.s.j.d.DriverManagerDataSource          : Creating new JDBC DriverManager Connection to [jdbc:mysql://localhost:3306/bitcon?useUnicode=true&characterEncoding=UTF-8]
2018-03-21 11:47:05.479 DEBUG   --- [AWT-EventQueue-0] o.s.jdbc.core.BeanPropertyRowMapper      : Mapping column 'id' to property 'id' of type 'java.lang.Long'
2018-03-21 11:47:05.480 DEBUG   --- [AWT-EventQueue-0] o.s.jdbc.core.BeanPropertyRowMapper      : Mapping column 'secret_key' to property 'secret_key' of type 'java.lang.String'
2018-03-21 11:47:05.480 DEBUG   --- [AWT-EventQueue-0] o.s.jdbc.core.BeanPropertyRowMapper      : Mapping column 'api_key' to property 'api_key' of type 'java.lang.String'
2018-03-21 11:47:05.480 DEBUG   --- [AWT-EventQueue-0] o.s.jdbc.core.BeanPropertyRowMapper      : Mapping column 'salt' to property 'salt' of type 'java.lang.String'
2018-03-21 11:47:05.481 DEBUG   --- [AWT-EventQueue-0] o.s.jdbc.datasource.DataSourceUtils      : Returning JDBC Connection to DataSource
2018-03-21 11:47:05.482 DEBUG   --- [AWT-EventQueue-0] com.hzz.common.dao.ModelDao              : [1ed3cab2-c994-42ae-91e0-67d96b8838e5] select success, return count 1
2018-03-21 11:47:20.750  INFO   --- [AWT-EventQueue-0] com.hzz.utils.PropertiesUtils            : 加载属性文件开始
2018-03-21 11:47:20.751  INFO   --- [AWT-EventQueue-0] com.hzz.utils.PropertiesUtils            : 加载属性文件结束
2018-03-21 11:47:24.116  INFO   --- [AWT-EventQueue-0] com.hzz.utils.PropertiesUtils            : 加载属性文件开始
2018-03-21 11:47:24.117  INFO   --- [AWT-EventQueue-0] com.hzz.utils.PropertiesUtils            : 加载属性文件结束
2018-03-21 11:47:24.117  INFO   --- [AWT-EventQueue-0] o.s.j.d.DriverManagerDataSource          : Loaded JDBC driver: com.mysql.jdbc.Driver
2018-03-21 11:47:24.118 DEBUG   --- [AWT-EventQueue-0] com.hzz.common.dao.ModelDao              : [c77356bf-ae49-46b8-bbff-4cd9f59f1d01] select : SELECT `id`,`secret_key`,`api_key`,`salt` FROM `bitcon_user`
2018-03-21 11:47:24.119 DEBUG   --- [AWT-EventQueue-0] o.s.jdbc.core.JdbcTemplate               : Executing prepared SQL query
2018-03-21 11:47:24.119 DEBUG   --- [AWT-EventQueue-0] o.s.jdbc.core.JdbcTemplate               : Executing prepared SQL statement [SELECT `id`,`secret_key`,`api_key`,`salt` FROM `bitcon_user`]
2018-03-21 11:47:24.119 DEBUG   --- [AWT-EventQueue-0] o.s.jdbc.datasource.DataSourceUtils      : Fetching JDBC Connection from DataSource
2018-03-21 11:47:24.119 DEBUG   --- [AWT-EventQueue-0] o.s.j.d.DriverManagerDataSource          : Creating new JDBC DriverManager Connection to [jdbc:mysql://localhost:3306/bitcon?useUnicode=true&characterEncoding=UTF-8]
2018-03-21 11:47:24.133 DEBUG   --- [AWT-EventQueue-0] o.s.jdbc.core.BeanPropertyRowMapper      : Mapping column 'id' to property 'id' of type 'java.lang.Long'
2018-03-21 11:47:24.134 DEBUG   --- [AWT-EventQueue-0] o.s.jdbc.core.BeanPropertyRowMapper      : Mapping column 'secret_key' to property 'secret_key' of type 'java.lang.String'
2018-03-21 11:47:24.134 DEBUG   --- [AWT-EventQueue-0] o.s.jdbc.core.BeanPropertyRowMapper      : Mapping column 'api_key' to property 'api_key' of type 'java.lang.String'
2018-03-21 11:47:24.135 DEBUG   --- [AWT-EventQueue-0] o.s.jdbc.core.BeanPropertyRowMapper      : Mapping column 'salt' to property 'salt' of type 'java.lang.String'
2018-03-21 11:47:24.136 DEBUG   --- [AWT-EventQueue-0] o.s.jdbc.datasource.DataSourceUtils      : Returning JDBC Connection to DataSource
2018-03-21 11:47:24.137 DEBUG   --- [AWT-EventQueue-0] com.hzz.common.dao.ModelDao              : [c77356bf-ae49-46b8-bbff-4cd9f59f1d01] select success, return count 1
2018-03-21 11:47:57.932  INFO   --- [AWT-EventQueue-0] com.hzz.utils.PropertiesUtils            : 加载属性文件开始
2018-03-21 11:47:57.933  INFO   --- [AWT-EventQueue-0] com.hzz.utils.PropertiesUtils            : 加载属性文件结束
2018-03-21 11:47:57.933  INFO   --- [AWT-EventQueue-0] o.s.j.d.DriverManagerDataSource          : Loaded JDBC driver: com.mysql.jdbc.Driver
2018-03-21 11:47:57.934 DEBUG   --- [AWT-EventQueue-0] com.hzz.common.dao.ModelDao              : [1d3e4239-2490-4960-8e17-3352a100c097] select : SELECT `id`,`secret_key`,`api_key`,`salt` FROM `bitcon_user`
2018-03-21 11:47:57.935 DEBUG   --- [AWT-EventQueue-0] o.s.jdbc.core.JdbcTemplate               : Executing prepared SQL query
2018-03-21 11:47:57.935 DEBUG   --- [AWT-EventQueue-0] o.s.jdbc.core.JdbcTemplate               : Executing prepared SQL statement [SELECT `id`,`secret_key`,`api_key`,`salt` FROM `bitcon_user`]
2018-03-21 11:47:57.935 DEBUG   --- [AWT-EventQueue-0] o.s.jdbc.datasource.DataSourceUtils      : Fetching JDBC Connection from DataSource
2018-03-21 11:47:57.935 DEBUG   --- [AWT-EventQueue-0] o.s.j.d.DriverManagerDataSource          : Creating new JDBC DriverManager Connection to [jdbc:mysql://localhost:3306/bitcon?useUnicode=true&characterEncoding=UTF-8]
2018-03-21 11:47:57.947 DEBUG   --- [AWT-EventQueue-0] o.s.jdbc.core.BeanPropertyRowMapper      : Mapping column 'id' to property 'id' of type 'java.lang.Long'
2018-03-21 11:47:57.948 DEBUG   --- [AWT-EventQueue-0] o.s.jdbc.core.BeanPropertyRowMapper      : Mapping column 'secret_key' to property 'secret_key' of type 'java.lang.String'
2018-03-21 11:47:57.948 DEBUG   --- [AWT-EventQueue-0] o.s.jdbc.core.BeanPropertyRowMapper      : Mapping column 'api_key' to property 'api_key' of type 'java.lang.String'
2018-03-21 11:47:57.948 DEBUG   --- [AWT-EventQueue-0] o.s.jdbc.core.BeanPropertyRowMapper      : Mapping column 'salt' to property 'salt' of type 'java.lang.String'
2018-03-21 11:47:57.949 DEBUG   --- [AWT-EventQueue-0] o.s.jdbc.datasource.DataSourceUtils      : Returning JDBC Connection to DataSource
2018-03-21 11:47:57.950 DEBUG   --- [AWT-EventQueue-0] com.hzz.common.dao.ModelDao              : [1d3e4239-2490-4960-8e17-3352a100c097] select success, return count 1
2018-03-21 11:48:18.282  INFO   --- [AWT-EventQueue-0] com.hzz.utils.PropertiesUtils            : 加载属性文件开始
2018-03-21 11:48:18.282  INFO   --- [AWT-EventQueue-0] com.hzz.utils.PropertiesUtils            : 加载属性文件结束
2018-03-21 11:48:37.796  INFO   --- [AWT-EventQueue-0] com.hzz.utils.PropertiesUtils            : 加载属性文件开始
2018-03-21 11:48:37.796  INFO   --- [AWT-EventQueue-0] com.hzz.utils.PropertiesUtils            : 加载属性文件结束
2018-03-21 11:48:37.796  INFO   --- [AWT-EventQueue-0] o.s.j.d.DriverManagerDataSource          : Loaded JDBC driver: com.mysql.jdbc.Driver
2018-03-21 11:48:37.797 DEBUG   --- [AWT-EventQueue-0] com.hzz.common.dao.ModelDao              : [d5ee9fed-79d6-449a-847b-7c8f9986d105] select : SELECT `id`,`secret_key`,`api_key`,`salt` FROM `bitcon_user`
2018-03-21 11:48:37.797 DEBUG   --- [AWT-EventQueue-0] o.s.jdbc.core.JdbcTemplate               : Executing prepared SQL query
2018-03-21 11:48:37.797 DEBUG   --- [AWT-EventQueue-0] o.s.jdbc.core.JdbcTemplate               : Executing prepared SQL statement [SELECT `id`,`secret_key`,`api_key`,`salt` FROM `bitcon_user`]
2018-03-21 11:48:37.798 DEBUG   --- [AWT-EventQueue-0] o.s.jdbc.datasource.DataSourceUtils      : Fetching JDBC Connection from DataSource
2018-03-21 11:48:37.798 DEBUG   --- [AWT-EventQueue-0] o.s.j.d.DriverManagerDataSource          : Creating new JDBC DriverManager Connection to [jdbc:mysql://localhost:3306/bitcon?useUnicode=true&characterEncoding=UTF-8]
2018-03-21 11:48:37.806 DEBUG   --- [AWT-EventQueue-0] o.s.jdbc.core.BeanPropertyRowMapper      : Mapping column 'id' to property 'id' of type 'java.lang.Long'
2018-03-21 11:48:37.807 DEBUG   --- [AWT-EventQueue-0] o.s.jdbc.core.BeanPropertyRowMapper      : Mapping column 'secret_key' to property 'secret_key' of type 'java.lang.String'
2018-03-21 11:48:37.807 DEBUG   --- [AWT-EventQueue-0] o.s.jdbc.core.BeanPropertyRowMapper      : Mapping column 'api_key' to property 'api_key' of type 'java.lang.String'
2018-03-21 11:48:37.807 DEBUG   --- [AWT-EventQueue-0] o.s.jdbc.core.BeanPropertyRowMapper      : Mapping column 'salt' to property 'salt' of type 'java.lang.String'
2018-03-21 11:48:37.808 DEBUG   --- [AWT-EventQueue-0] o.s.jdbc.datasource.DataSourceUtils      : Returning JDBC Connection to DataSource
2018-03-21 11:48:37.809 DEBUG   --- [AWT-EventQueue-0] com.hzz.common.dao.ModelDao              : [d5ee9fed-79d6-449a-847b-7c8f9986d105] select success, return count 1
2018-03-21 13:30:48.737  INFO   --- [AWT-EventQueue-0] com.hzz.utils.PropertiesUtils            : 加载属性文件开始
2018-03-21 13:30:48.741  INFO   --- [AWT-EventQueue-0] com.hzz.utils.PropertiesUtils            : 加载属性文件结束
2018-03-21 13:30:48.755  INFO   --- [AWT-EventQueue-0] o.s.j.d.DriverManagerDataSource          : Loaded JDBC driver: com.mysql.jdbc.Driver
2018-03-21 13:30:48.855 DEBUG   --- [AWT-EventQueue-0] com.hzz.common.dao.ModelDao              : [afcf569b-e4b3-48ac-a756-ba2b09b64e9d] select : SELECT `id`,`secret_key`,`api_key`,`name`,`email`,`sellTemplet`,`buyTemplet`,`salt` FROM `bitcon_user`
2018-03-21 13:30:48.919 DEBUG   --- [AWT-EventQueue-0] o.s.jdbc.core.JdbcTemplate               : Executing prepared SQL query
2018-03-21 13:30:48.920 DEBUG   --- [AWT-EventQueue-0] o.s.jdbc.core.JdbcTemplate               : Executing prepared SQL statement [SELECT `id`,`secret_key`,`api_key`,`name`,`email`,`sellTemplet`,`buyTemplet`,`salt` FROM `bitcon_user`]
2018-03-21 13:30:48.924 DEBUG   --- [AWT-EventQueue-0] o.s.jdbc.datasource.DataSourceUtils      : Fetching JDBC Connection from DataSource
2018-03-21 13:30:48.924 DEBUG   --- [AWT-EventQueue-0] o.s.j.d.DriverManagerDataSource          : Creating new JDBC DriverManager Connection to [jdbc:mysql://localhost:3306/bitcon?useUnicode=true&characterEncoding=UTF-8]
2018-03-21 13:30:49.124 DEBUG   --- [AWT-EventQueue-0] o.s.jdbc.core.BeanPropertyRowMapper      : Mapping column 'id' to property 'id' of type 'java.lang.Long'
2018-03-21 13:30:49.128 DEBUG   --- [AWT-EventQueue-0] o.s.jdbc.core.BeanPropertyRowMapper      : Mapping column 'secret_key' to property 'secret_key' of type 'java.lang.String'
2018-03-21 13:30:49.129 DEBUG   --- [AWT-EventQueue-0] o.s.jdbc.core.BeanPropertyRowMapper      : Mapping column 'api_key' to property 'api_key' of type 'java.lang.String'
2018-03-21 13:30:49.129 DEBUG   --- [AWT-EventQueue-0] o.s.jdbc.core.BeanPropertyRowMapper      : Mapping column 'name' to property 'name' of type 'java.lang.String'
2018-03-21 13:30:49.130 DEBUG   --- [AWT-EventQueue-0] o.s.jdbc.core.BeanPropertyRowMapper      : Mapping column 'email' to property 'email' of type 'java.lang.String'
2018-03-21 13:30:49.130 DEBUG   --- [AWT-EventQueue-0] o.s.jdbc.core.BeanPropertyRowMapper      : Mapping column 'sellTemplet' to property 'sellTemplet' of type 'java.lang.String'
2018-03-21 13:30:49.130 DEBUG   --- [AWT-EventQueue-0] o.s.jdbc.core.BeanPropertyRowMapper      : Mapping column 'buyTemplet' to property 'buyTemplet' of type 'java.lang.String'
2018-03-21 13:30:49.130 DEBUG   --- [AWT-EventQueue-0] o.s.jdbc.core.BeanPropertyRowMapper      : Mapping column 'salt' to property 'salt' of type 'java.lang.String'
2018-03-21 13:30:49.137 DEBUG   --- [AWT-EventQueue-0] o.s.jdbc.datasource.DataSourceUtils      : Returning JDBC Connection to DataSource
2018-03-21 13:30:49.138 DEBUG   --- [AWT-EventQueue-0] com.hzz.common.dao.ModelDao              : [afcf569b-e4b3-48ac-a756-ba2b09b64e9d] select success, return count 1
2018-03-21 13:31:00.539  INFO   --- [AWT-EventQueue-0] com.hzz.utils.PropertiesUtils            : 加载属性文件开始
2018-03-21 13:31:00.540  INFO   --- [AWT-EventQueue-0] com.hzz.utils.PropertiesUtils            : 加载属性文件结束
2018-03-21 13:31:03.169  INFO   --- [AWT-EventQueue-0] com.hzz.utils.PropertiesUtils            : 加载属性文件开始
2018-03-21 13:31:03.170  INFO   --- [AWT-EventQueue-0] com.hzz.utils.PropertiesUtils            : 加载属性文件结束
2018-03-21 13:31:03.170  INFO   --- [AWT-EventQueue-0] o.s.j.d.DriverManagerDataSource          : Loaded JDBC driver: com.mysql.jdbc.Driver
2018-03-21 13:31:03.172 DEBUG   --- [AWT-EventQueue-0] com.hzz.common.dao.ModelDao              : [5011c521-e73b-4fb5-9f8a-0087af105375] select : SELECT `id`,`secret_key`,`api_key`,`name`,`email`,`sellTemplet`,`buyTemplet`,`salt` FROM `bitcon_user`
2018-03-21 13:31:03.173 DEBUG   --- [AWT-EventQueue-0] o.s.jdbc.core.JdbcTemplate               : Executing prepared SQL query
2018-03-21 13:31:03.173 DEBUG   --- [AWT-EventQueue-0] o.s.jdbc.core.JdbcTemplate               : Executing prepared SQL statement [SELECT `id`,`secret_key`,`api_key`,`name`,`email`,`sellTemplet`,`buyTemplet`,`salt` FROM `bitcon_user`]
2018-03-21 13:31:03.174 DEBUG   --- [AWT-EventQueue-0] o.s.jdbc.datasource.DataSourceUtils      : Fetching JDBC Connection from DataSource
2018-03-21 13:31:03.174 DEBUG   --- [AWT-EventQueue-0] o.s.j.d.DriverManagerDataSource          : Creating new JDBC DriverManager Connection to [jdbc:mysql://localhost:3306/bitcon?useUnicode=true&characterEncoding=UTF-8]
2018-03-21 13:31:03.193 DEBUG   --- [AWT-EventQueue-0] o.s.jdbc.core.BeanPropertyRowMapper      : Mapping column 'id' to property 'id' of type 'java.lang.Long'
2018-03-21 13:31:03.193 DEBUG   --- [AWT-EventQueue-0] o.s.jdbc.core.BeanPropertyRowMapper      : Mapping column 'secret_key' to property 'secret_key' of type 'java.lang.String'
2018-03-21 13:31:03.193 DEBUG   --- [AWT-EventQueue-0] o.s.jdbc.core.BeanPropertyRowMapper      : Mapping column 'api_key' to property 'api_key' of type 'java.lang.String'
2018-03-21 13:31:03.193 DEBUG   --- [AWT-EventQueue-0] o.s.jdbc.core.BeanPropertyRowMapper      : Mapping column 'name' to property 'name' of type 'java.lang.String'
2018-03-21 13:31:03.194 DEBUG   --- [AWT-EventQueue-0] o.s.jdbc.core.BeanPropertyRowMapper      : Mapping column 'email' to property 'email' of type 'java.lang.String'
2018-03-21 13:31:03.194 DEBUG   --- [AWT-EventQueue-0] o.s.jdbc.core.BeanPropertyRowMapper      : Mapping column 'sellTemplet' to property 'sellTemplet' of type 'java.lang.String'
2018-03-21 13:31:03.194 DEBUG   --- [AWT-EventQueue-0] o.s.jdbc.core.BeanPropertyRowMapper      : Mapping column 'buyTemplet' to property 'buyTemplet' of type 'java.lang.String'
2018-03-21 13:31:03.194 DEBUG   --- [AWT-EventQueue-0] o.s.jdbc.core.BeanPropertyRowMapper      : Mapping column 'salt' to property 'salt' of type 'java.lang.String'
2018-03-21 13:31:03.195 DEBUG   --- [AWT-EventQueue-0] o.s.jdbc.datasource.DataSourceUtils      : Returning JDBC Connection to DataSource
2018-03-21 13:31:03.195 DEBUG   --- [AWT-EventQueue-0] com.hzz.common.dao.ModelDao              : [5011c521-e73b-4fb5-9f8a-0087af105375] select success, return count 1
2018-03-21 13:31:07.690  INFO   --- [AWT-EventQueue-0] com.hzz.utils.PropertiesUtils            : 加载属性文件开始
2018-03-21 13:31:07.690  INFO   --- [AWT-EventQueue-0] com.hzz.utils.PropertiesUtils            : 加载属性文件结束
2018-03-21 13:31:07.691  INFO   --- [AWT-EventQueue-0] o.s.j.d.DriverManagerDataSource          : Loaded JDBC driver: com.mysql.jdbc.Driver
2018-03-21 13:31:07.693 DEBUG   --- [AWT-EventQueue-0] com.hzz.common.dao.ModelDao              : [841aa003-0e2e-4e98-83f0-e95367135f72] select : SELECT `id`,`secret_key`,`api_key`,`name`,`email`,`sellTemplet`,`buyTemplet`,`salt` FROM `bitcon_user`
2018-03-21 13:31:07.693 DEBUG   --- [AWT-EventQueue-0] o.s.jdbc.core.JdbcTemplate               : Executing prepared SQL query
2018-03-21 13:31:07.693 DEBUG   --- [AWT-EventQueue-0] o.s.jdbc.core.JdbcTemplate               : Executing prepared SQL statement [SELECT `id`,`secret_key`,`api_key`,`name`,`email`,`sellTemplet`,`buyTemplet`,`salt` FROM `bitcon_user`]
2018-03-21 13:31:07.694 DEBUG   --- [AWT-EventQueue-0] o.s.jdbc.datasource.DataSourceUtils      : Fetching JDBC Connection from DataSource
2018-03-21 13:31:07.694 DEBUG   --- [AWT-EventQueue-0] o.s.j.d.DriverManagerDataSource          : Creating new JDBC DriverManager Connection to [jdbc:mysql://localhost:3306/bitcon?useUnicode=true&characterEncoding=UTF-8]
2018-03-21 13:31:07.709 DEBUG   --- [AWT-EventQueue-0] o.s.jdbc.core.BeanPropertyRowMapper      : Mapping column 'id' to property 'id' of type 'java.lang.Long'
2018-03-21 13:31:07.710 DEBUG   --- [AWT-EventQueue-0] o.s.jdbc.core.BeanPropertyRowMapper      : Mapping column 'secret_key' to property 'secret_key' of type 'java.lang.String'
2018-03-21 13:31:07.710 DEBUG   --- [AWT-EventQueue-0] o.s.jdbc.core.BeanPropertyRowMapper      : Mapping column 'api_key' to property 'api_key' of type 'java.lang.String'
2018-03-21 13:31:07.711 DEBUG   --- [AWT-EventQueue-0] o.s.jdbc.core.BeanPropertyRowMapper      : Mapping column 'name' to property 'name' of type 'java.lang.String'
2018-03-21 13:31:07.711 DEBUG   --- [AWT-EventQueue-0] o.s.jdbc.core.BeanPropertyRowMapper      : Mapping column 'email' to property 'email' of type 'java.lang.String'
2018-03-21 13:31:07.712 DEBUG   --- [AWT-EventQueue-0] o.s.jdbc.core.BeanPropertyRowMapper      : Mapping column 'sellTemplet' to property 'sellTemplet' of type 'java.lang.String'
2018-03-21 13:31:07.712 DEBUG   --- [AWT-EventQueue-0] o.s.jdbc.core.BeanPropertyRowMapper      : Mapping column 'buyTemplet' to property 'buyTemplet' of type 'java.lang.String'
2018-03-21 13:31:07.713 DEBUG   --- [AWT-EventQueue-0] o.s.jdbc.core.BeanPropertyRowMapper      : Mapping column 'salt' to property 'salt' of type 'java.lang.String'
2018-03-21 13:31:07.715 DEBUG   --- [AWT-EventQueue-0] o.s.jdbc.datasource.DataSourceUtils      : Returning JDBC Connection to DataSource
2018-03-21 13:31:07.716 DEBUG   --- [AWT-EventQueue-0] com.hzz.common.dao.ModelDao              : [841aa003-0e2e-4e98-83f0-e95367135f72] select success, return count 1
2018-03-21 13:33:01.313  INFO   --- [AWT-EventQueue-0] com.hzz.utils.PropertiesUtils            : 加载属性文件开始
2018-03-21 13:33:01.314  INFO   --- [AWT-EventQueue-0] com.hzz.utils.PropertiesUtils            : 加载属性文件结束
2018-03-21 13:33:01.315  INFO   --- [AWT-EventQueue-0] o.s.j.d.DriverManagerDataSource          : Loaded JDBC driver: com.mysql.jdbc.Driver
2018-03-21 13:33:01.315  INFO   --- [AWT-EventQueue-0] com.hzz.ui.NotifyUI                      : 插入用户表开始
2018-03-21 13:33:01.317 DEBUG   --- [AWT-EventQueue-0] com.hzz.common.dao.ModelDao              : [1b9a4390-efb6-4d2d-b4d3-ef8d635d6e5b] select : SELECT `id`,`secret_key`,`api_key`,`name`,`email`,`sellTemplet`,`buyTemplet`,`salt` FROM `bitcon_user`
2018-03-21 13:33:01.317 DEBUG   --- [AWT-EventQueue-0] o.s.jdbc.core.JdbcTemplate               : Executing prepared SQL query
2018-03-21 13:33:01.318 DEBUG   --- [AWT-EventQueue-0] o.s.jdbc.core.JdbcTemplate               : Executing prepared SQL statement [SELECT `id`,`secret_key`,`api_key`,`name`,`email`,`sellTemplet`,`buyTemplet`,`salt` FROM `bitcon_user`]
2018-03-21 13:33:01.318 DEBUG   --- [AWT-EventQueue-0] o.s.jdbc.datasource.DataSourceUtils      : Fetching JDBC Connection from DataSource
2018-03-21 13:33:01.318 DEBUG   --- [AWT-EventQueue-0] o.s.j.d.DriverManagerDataSource          : Creating new JDBC DriverManager Connection to [jdbc:mysql://localhost:3306/bitcon?useUnicode=true&characterEncoding=UTF-8]
2018-03-21 13:33:01.335 DEBUG   --- [AWT-EventQueue-0] o.s.jdbc.core.BeanPropertyRowMapper      : Mapping column 'id' to property 'id' of type 'java.lang.Long'
2018-03-21 13:33:01.336 DEBUG   --- [AWT-EventQueue-0] o.s.jdbc.core.BeanPropertyRowMapper      : Mapping column 'secret_key' to property 'secret_key' of type 'java.lang.String'
2018-03-21 13:33:01.337 DEBUG   --- [AWT-EventQueue-0] o.s.jdbc.core.BeanPropertyRowMapper      : Mapping column 'api_key' to property 'api_key' of type 'java.lang.String'
2018-03-21 13:33:01.337 DEBUG   --- [AWT-EventQueue-0] o.s.jdbc.core.BeanPropertyRowMapper      : Mapping column 'name' to property 'name' of type 'java.lang.String'
2018-03-21 13:33:01.338 DEBUG   --- [AWT-EventQueue-0] o.s.jdbc.core.BeanPropertyRowMapper      : Mapping column 'email' to property 'email' of type 'java.lang.String'
2018-03-21 13:33:01.338 DEBUG   --- [AWT-EventQueue-0] o.s.jdbc.core.BeanPropertyRowMapper      : Mapping column 'sellTemplet' to property 'sellTemplet' of type 'java.lang.String'
2018-03-21 13:33:01.339 DEBUG   --- [AWT-EventQueue-0] o.s.jdbc.core.BeanPropertyRowMapper      : Mapping column 'buyTemplet' to property 'buyTemplet' of type 'java.lang.String'
2018-03-21 13:33:01.339 DEBUG   --- [AWT-EventQueue-0] o.s.jdbc.core.BeanPropertyRowMapper      : Mapping column 'salt' to property 'salt' of type 'java.lang.String'
2018-03-21 13:33:01.342 DEBUG   --- [AWT-EventQueue-0] o.s.jdbc.datasource.DataSourceUtils      : Returning JDBC Connection to DataSource
2018-03-21 13:33:01.343 DEBUG   --- [AWT-EventQueue-0] com.hzz.common.dao.ModelDao              : [1b9a4390-efb6-4d2d-b4d3-ef8d635d6e5b] select success, return count 1
2018-03-21 13:33:01.344 DEBUG   --- [AWT-EventQueue-0] o.s.j.d.DriverManagerDataSource          : Creating new JDBC DriverManager Connection to [jdbc:mysql://localhost:3306/bitcon?useUnicode=true&characterEncoding=UTF-8]
2018-03-21 13:33:01.361 DEBUG   --- [AWT-EventQueue-0] com.hzz.common.dao.ModelDao              : [7532da3a-4209-4380-8720-72cbabc8de68] update : INSERT INTO `bitcon_user` (`id`,`secret_key`,`api_key`,`name`,`email`,`sellTemplet`,`buyTemplet`,`salt`) VALUES (?,?,?,?,?,?,?,?) ON DUPLICATE KEY UPDATE `name`=VALUES(`name`),`email`=VALUES(`email`),`sellTemplet`=VALUES(`sellTemplet`),`buyTemplet`=VALUES(`buyTemplet`)
2018-03-21 13:33:01.362 DEBUG   --- [AWT-EventQueue-0] o.s.jdbc.core.JdbcTemplate               : Executing prepared SQL update
2018-03-21 13:33:01.363 DEBUG   --- [AWT-EventQueue-0] o.s.jdbc.core.JdbcTemplate               : Executing prepared SQL statement [INSERT INTO `bitcon_user` (`id`,`secret_key`,`api_key`,`name`,`email`,`sellTemplet`,`buyTemplet`,`salt`) VALUES (?,?,?,?,?,?,?,?) ON DUPLICATE KEY UPDATE `name`=VALUES(`name`),`email`=VALUES(`email`),`sellTemplet`=VALUES(`sellTemplet`),`buyTemplet`=VALUES(`buyTemplet`)]
2018-03-21 13:33:01.363 DEBUG   --- [AWT-EventQueue-0] o.s.jdbc.datasource.DataSourceUtils      : Fetching JDBC Connection from DataSource
2018-03-21 13:33:01.363 DEBUG   --- [AWT-EventQueue-0] o.s.j.d.DriverManagerDataSource          : Creating new JDBC DriverManager Connection to [jdbc:mysql://localhost:3306/bitcon?useUnicode=true&characterEncoding=UTF-8]
2018-03-21 13:33:01.413 DEBUG   --- [AWT-EventQueue-0] o.s.jdbc.core.JdbcTemplate               : SQL update affected 2 rows
2018-03-21 13:33:01.414 DEBUG   --- [AWT-EventQueue-0] o.s.jdbc.datasource.DataSourceUtils      : Returning JDBC Connection to DataSource
2018-03-21 13:33:01.415 DEBUG   --- [AWT-EventQueue-0] com.hzz.common.dao.ModelDao              : [7532da3a-4209-4380-8720-72cbabc8de68] update success, return 2
2018-03-21 13:33:01.415  INFO   --- [AWT-EventQueue-0] com.hzz.ui.NotifyUI                      : 插入用户表结束
2018-03-21 13:33:06.183  INFO   --- [AWT-EventQueue-0] com.hzz.utils.PropertiesUtils            : 加载属性文件开始
2018-03-21 13:33:06.184  INFO   --- [AWT-EventQueue-0] com.hzz.utils.PropertiesUtils            : 加载属性文件结束
2018-03-21 13:33:06.184  INFO   --- [AWT-EventQueue-0] o.s.j.d.DriverManagerDataSource          : Loaded JDBC driver: com.mysql.jdbc.Driver
2018-03-21 13:33:06.186 DEBUG   --- [AWT-EventQueue-0] com.hzz.common.dao.ModelDao              : [2d018177-89fa-4532-8bda-ebad68cbdea3] select : SELECT `id`,`secret_key`,`api_key`,`name`,`email`,`sellTemplet`,`buyTemplet`,`salt` FROM `bitcon_user`
2018-03-21 13:33:06.186 DEBUG   --- [AWT-EventQueue-0] o.s.jdbc.core.JdbcTemplate               : Executing prepared SQL query
2018-03-21 13:33:06.187 DEBUG   --- [AWT-EventQueue-0] o.s.jdbc.core.JdbcTemplate               : Executing prepared SQL statement [SELECT `id`,`secret_key`,`api_key`,`name`,`email`,`sellTemplet`,`buyTemplet`,`salt` FROM `bitcon_user`]
2018-03-21 13:33:06.187 DEBUG   --- [AWT-EventQueue-0] o.s.jdbc.datasource.DataSourceUtils      : Fetching JDBC Connection from DataSource
2018-03-21 13:33:06.187 DEBUG   --- [AWT-EventQueue-0] o.s.j.d.DriverManagerDataSource          : Creating new JDBC DriverManager Connection to [jdbc:mysql://localhost:3306/bitcon?useUnicode=true&characterEncoding=UTF-8]
2018-03-21 13:33:06.201 DEBUG   --- [AWT-EventQueue-0] o.s.jdbc.core.BeanPropertyRowMapper      : Mapping column 'id' to property 'id' of type 'java.lang.Long'
2018-03-21 13:33:06.201 DEBUG   --- [AWT-EventQueue-0] o.s.jdbc.core.BeanPropertyRowMapper      : Mapping column 'secret_key' to property 'secret_key' of type 'java.lang.String'
2018-03-21 13:33:06.202 DEBUG   --- [AWT-EventQueue-0] o.s.jdbc.core.BeanPropertyRowMapper      : Mapping column 'api_key' to property 'api_key' of type 'java.lang.String'
2018-03-21 13:33:06.202 DEBUG   --- [AWT-EventQueue-0] o.s.jdbc.core.BeanPropertyRowMapper      : Mapping column 'name' to property 'name' of type 'java.lang.String'
2018-03-21 13:33:06.203 DEBUG   --- [AWT-EventQueue-0] o.s.jdbc.core.BeanPropertyRowMapper      : Mapping column 'email' to property 'email' of type 'java.lang.String'
2018-03-21 13:33:06.204 DEBUG   --- [AWT-EventQueue-0] o.s.jdbc.core.BeanPropertyRowMapper      : Mapping column 'sellTemplet' to property 'sellTemplet' of type 'java.lang.String'
2018-03-21 13:33:06.204 DEBUG   --- [AWT-EventQueue-0] o.s.jdbc.core.BeanPropertyRowMapper      : Mapping column 'buyTemplet' to property 'buyTemplet' of type 'java.lang.String'
2018-03-21 13:33:06.205 DEBUG   --- [AWT-EventQueue-0] o.s.jdbc.core.BeanPropertyRowMapper      : Mapping column 'salt' to property 'salt' of type 'java.lang.String'
2018-03-21 13:33:06.207 DEBUG   --- [AWT-EventQueue-0] o.s.jdbc.datasource.DataSourceUtils      : Returning JDBC Connection to DataSource
2018-03-21 13:33:06.208 DEBUG   --- [AWT-EventQueue-0] com.hzz.common.dao.ModelDao              : [2d018177-89fa-4532-8bda-ebad68cbdea3] select success, return count 1
2018-03-21 13:33:13.125  INFO   --- [AWT-EventQueue-0] com.hzz.utils.PropertiesUtils            : 加载属性文件开始
2018-03-21 13:33:13.125  INFO   --- [AWT-EventQueue-0] com.hzz.utils.PropertiesUtils            : 加载属性文件结束
2018-03-21 13:33:13.125  INFO   --- [AWT-EventQueue-0] o.s.j.d.DriverManagerDataSource          : Loaded JDBC driver: com.mysql.jdbc.Driver
2018-03-21 13:33:13.127 DEBUG   --- [AWT-EventQueue-0] com.hzz.common.dao.ModelDao              : [8aaca283-cd0f-4ee1-a63c-8b7275d8f977] select : SELECT `id`,`secret_key`,`api_key`,`name`,`email`,`sellTemplet`,`buyTemplet`,`salt` FROM `bitcon_user`
2018-03-21 13:33:13.127 DEBUG   --- [AWT-EventQueue-0] o.s.jdbc.core.JdbcTemplate               : Executing prepared SQL query
2018-03-21 13:33:13.127 DEBUG   --- [AWT-EventQueue-0] o.s.jdbc.core.JdbcTemplate               : Executing prepared SQL statement [SELECT `id`,`secret_key`,`api_key`,`name`,`email`,`sellTemplet`,`buyTemplet`,`salt` FROM `bitcon_user`]
2018-03-21 13:33:13.128 DEBUG   --- [AWT-EventQueue-0] o.s.jdbc.datasource.DataSourceUtils      : Fetching JDBC Connection from DataSource
2018-03-21 13:33:13.128 DEBUG   --- [AWT-EventQueue-0] o.s.j.d.DriverManagerDataSource          : Creating new JDBC DriverManager Connection to [jdbc:mysql://localhost:3306/bitcon?useUnicode=true&characterEncoding=UTF-8]
2018-03-21 13:33:13.141 DEBUG   --- [AWT-EventQueue-0] o.s.jdbc.core.BeanPropertyRowMapper      : Mapping column 'id' to property 'id' of type 'java.lang.Long'
2018-03-21 13:33:13.142 DEBUG   --- [AWT-EventQueue-0] o.s.jdbc.core.BeanPropertyRowMapper      : Mapping column 'secret_key' to property 'secret_key' of type 'java.lang.String'
2018-03-21 13:33:13.143 DEBUG   --- [AWT-EventQueue-0] o.s.jdbc.core.BeanPropertyRowMapper      : Mapping column 'api_key' to property 'api_key' of type 'java.lang.String'
2018-03-21 13:33:13.143 DEBUG   --- [AWT-EventQueue-0] o.s.jdbc.core.BeanPropertyRowMapper      : Mapping column 'name' to property 'name' of type 'java.lang.String'
2018-03-21 13:33:13.144 DEBUG   --- [AWT-EventQueue-0] o.s.jdbc.core.BeanPropertyRowMapper      : Mapping column 'email' to property 'email' of type 'java.lang.String'
2018-03-21 13:33:13.145 DEBUG   --- [AWT-EventQueue-0] o.s.jdbc.core.BeanPropertyRowMapper      : Mapping column 'sellTemplet' to property 'sellTemplet' of type 'java.lang.String'
2018-03-21 13:33:13.145 DEBUG   --- [AWT-EventQueue-0] o.s.jdbc.core.BeanPropertyRowMapper      : Mapping column 'buyTemplet' to property 'buyTemplet' of type 'java.lang.String'
2018-03-21 13:33:13.146 DEBUG   --- [AWT-EventQueue-0] o.s.jdbc.core.BeanPropertyRowMapper      : Mapping column 'salt' to property 'salt' of type 'java.lang.String'
2018-03-21 13:33:13.147 DEBUG   --- [AWT-EventQueue-0] o.s.jdbc.datasource.DataSourceUtils      : Returning JDBC Connection to DataSource
2018-03-21 13:33:13.149 DEBUG   --- [AWT-EventQueue-0] com.hzz.common.dao.ModelDao              : [8aaca283-cd0f-4ee1-a63c-8b7275d8f977] select success, return count 1
2018-03-21 13:35:06.680  INFO   --- [AWT-EventQueue-0] com.hzz.utils.PropertiesUtils            : 加载属性文件开始
2018-03-21 13:35:06.684  INFO   --- [AWT-EventQueue-0] com.hzz.utils.PropertiesUtils            : 加载属性文件结束
2018-03-21 13:35:06.698  INFO   --- [AWT-EventQueue-0] o.s.j.d.DriverManagerDataSource          : Loaded JDBC driver: com.mysql.jdbc.Driver
2018-03-21 13:35:06.794 DEBUG   --- [AWT-EventQueue-0] com.hzz.common.dao.ModelDao              : [ca0ee0f9-ac31-41c8-a5e9-3671318d36b1] select : SELECT `id`,`secret_key`,`api_key`,`name`,`email`,`sellTemplet`,`buyTemplet`,`salt` FROM `bitcon_user`
2018-03-21 13:35:06.860 DEBUG   --- [AWT-EventQueue-0] o.s.jdbc.core.JdbcTemplate               : Executing prepared SQL query
2018-03-21 13:35:06.861 DEBUG   --- [AWT-EventQueue-0] o.s.jdbc.core.JdbcTemplate               : Executing prepared SQL statement [SELECT `id`,`secret_key`,`api_key`,`name`,`email`,`sellTemplet`,`buyTemplet`,`salt` FROM `bitcon_user`]
2018-03-21 13:35:06.865 DEBUG   --- [AWT-EventQueue-0] o.s.jdbc.datasource.DataSourceUtils      : Fetching JDBC Connection from DataSource
2018-03-21 13:35:06.865 DEBUG   --- [AWT-EventQueue-0] o.s.j.d.DriverManagerDataSource          : Creating new JDBC DriverManager Connection to [jdbc:mysql://localhost:3306/bitcon?useUnicode=true&characterEncoding=UTF-8]
2018-03-21 13:35:07.067 DEBUG   --- [AWT-EventQueue-0] o.s.jdbc.core.BeanPropertyRowMapper      : Mapping column 'id' to property 'id' of type 'java.lang.Long'
2018-03-21 13:35:07.071 DEBUG   --- [AWT-EventQueue-0] o.s.jdbc.core.BeanPropertyRowMapper      : Mapping column 'secret_key' to property 'secret_key' of type 'java.lang.String'
2018-03-21 13:35:07.072 DEBUG   --- [AWT-EventQueue-0] o.s.jdbc.core.BeanPropertyRowMapper      : Mapping column 'api_key' to property 'api_key' of type 'java.lang.String'
2018-03-21 13:35:07.073 DEBUG   --- [AWT-EventQueue-0] o.s.jdbc.core.BeanPropertyRowMapper      : Mapping column 'name' to property 'name' of type 'java.lang.String'
2018-03-21 13:35:07.073 DEBUG   --- [AWT-EventQueue-0] o.s.jdbc.core.BeanPropertyRowMapper      : Mapping column 'email' to property 'email' of type 'java.lang.String'
2018-03-21 13:35:07.073 DEBUG   --- [AWT-EventQueue-0] o.s.jdbc.core.BeanPropertyRowMapper      : Mapping column 'sellTemplet' to property 'sellTemplet' of type 'java.lang.String'
2018-03-21 13:35:07.073 DEBUG   --- [AWT-EventQueue-0] o.s.jdbc.core.BeanPropertyRowMapper      : Mapping column 'buyTemplet' to property 'buyTemplet' of type 'java.lang.String'
2018-03-21 13:35:07.074 DEBUG   --- [AWT-EventQueue-0] o.s.jdbc.core.BeanPropertyRowMapper      : Mapping column 'salt' to property 'salt' of type 'java.lang.String'
2018-03-21 13:35:07.081 DEBUG   --- [AWT-EventQueue-0] o.s.jdbc.datasource.DataSourceUtils      : Returning JDBC Connection to DataSource
2018-03-21 13:35:07.082 DEBUG   --- [AWT-EventQueue-0] com.hzz.common.dao.ModelDao              : [ca0ee0f9-ac31-41c8-a5e9-3671318d36b1] select success, return count 1
2018-03-21 13:36:40.067  INFO   --- [AWT-EventQueue-0] com.hzz.utils.PropertiesUtils            : 加载属性文件开始
2018-03-21 13:36:40.071  INFO   --- [AWT-EventQueue-0] com.hzz.utils.PropertiesUtils            : 加载属性文件结束
2018-03-21 13:36:40.084  INFO   --- [AWT-EventQueue-0] o.s.j.d.DriverManagerDataSource          : Loaded JDBC driver: com.mysql.jdbc.Driver
2018-03-21 13:36:40.181 DEBUG   --- [AWT-EventQueue-0] com.hzz.common.dao.ModelDao              : [0c1bf03e-09d1-4dd5-95fe-efba5efa9ca6] select : SELECT `id`,`secret_key`,`api_key`,`name`,`email`,`sellTemplet`,`buyTemplet`,`salt` FROM `bitcon_user`
2018-03-21 13:36:40.247 DEBUG   --- [AWT-EventQueue-0] o.s.jdbc.core.JdbcTemplate               : Executing prepared SQL query
2018-03-21 13:36:40.248 DEBUG   --- [AWT-EventQueue-0] o.s.jdbc.core.JdbcTemplate               : Executing prepared SQL statement [SELECT `id`,`secret_key`,`api_key`,`name`,`email`,`sellTemplet`,`buyTemplet`,`salt` FROM `bitcon_user`]
2018-03-21 13:36:40.252 DEBUG   --- [AWT-EventQueue-0] o.s.jdbc.datasource.DataSourceUtils      : Fetching JDBC Connection from DataSource
2018-03-21 13:36:40.252 DEBUG   --- [AWT-EventQueue-0] o.s.j.d.DriverManagerDataSource          : Creating new JDBC DriverManager Connection to [jdbc:mysql://localhost:3306/bitcon?useUnicode=true&characterEncoding=UTF-8]
2018-03-21 13:36:40.466 DEBUG   --- [AWT-EventQueue-0] o.s.jdbc.core.BeanPropertyRowMapper      : Mapping column 'id' to property 'id' of type 'java.lang.Long'
2018-03-21 13:36:40.471 DEBUG   --- [AWT-EventQueue-0] o.s.jdbc.core.BeanPropertyRowMapper      : Mapping column 'secret_key' to property 'secret_key' of type 'java.lang.String'
2018-03-21 13:36:40.472 DEBUG   --- [AWT-EventQueue-0] o.s.jdbc.core.BeanPropertyRowMapper      : Mapping column 'api_key' to property 'api_key' of type 'java.lang.String'
2018-03-21 13:36:40.472 DEBUG   --- [AWT-EventQueue-0] o.s.jdbc.core.BeanPropertyRowMapper      : Mapping column 'name' to property 'name' of type 'java.lang.String'
2018-03-21 13:36:40.472 DEBUG   --- [AWT-EventQueue-0] o.s.jdbc.core.BeanPropertyRowMapper      : Mapping column 'email' to property 'email' of type 'java.lang.String'
2018-03-21 13:36:40.473 DEBUG   --- [AWT-EventQueue-0] o.s.jdbc.core.BeanPropertyRowMapper      : Mapping column 'sellTemplet' to property 'sellTemplet' of type 'java.lang.String'
2018-03-21 13:36:40.473 DEBUG   --- [AWT-EventQueue-0] o.s.jdbc.core.BeanPropertyRowMapper      : Mapping column 'buyTemplet' to property 'buyTemplet' of type 'java.lang.String'
2018-03-21 13:36:40.473 DEBUG   --- [AWT-EventQueue-0] o.s.jdbc.core.BeanPropertyRowMapper      : Mapping column 'salt' to property 'salt' of type 'java.lang.String'
2018-03-21 13:36:40.482 DEBUG   --- [AWT-EventQueue-0] o.s.jdbc.datasource.DataSourceUtils      : Returning JDBC Connection to DataSource
2018-03-21 13:36:40.484 DEBUG   --- [AWT-EventQueue-0] com.hzz.common.dao.ModelDao              : [0c1bf03e-09d1-4dd5-95fe-efba5efa9ca6] select success, return count 1
2018-03-21 13:37:05.875  INFO   --- [AWT-EventQueue-0] com.hzz.utils.PropertiesUtils            : 加载属性文件开始
2018-03-21 13:37:05.879  INFO   --- [AWT-EventQueue-0] com.hzz.utils.PropertiesUtils            : 加载属性文件结束
2018-03-21 13:37:05.893  INFO   --- [AWT-EventQueue-0] o.s.j.d.DriverManagerDataSource          : Loaded JDBC driver: com.mysql.jdbc.Driver
2018-03-21 13:37:05.992 DEBUG   --- [AWT-EventQueue-0] com.hzz.common.dao.ModelDao              : [b0cafddc-5ed4-41f4-ad56-e21c75e81a28] select : SELECT `id`,`secret_key`,`api_key`,`name`,`email`,`sellTemplet`,`buyTemplet`,`salt` FROM `bitcon_user`
2018-03-21 13:37:06.057 DEBUG   --- [AWT-EventQueue-0] o.s.jdbc.core.JdbcTemplate               : Executing prepared SQL query
2018-03-21 13:37:06.058 DEBUG   --- [AWT-EventQueue-0] o.s.jdbc.core.JdbcTemplate               : Executing prepared SQL statement [SELECT `id`,`secret_key`,`api_key`,`name`,`email`,`sellTemplet`,`buyTemplet`,`salt` FROM `bitcon_user`]
2018-03-21 13:37:06.062 DEBUG   --- [AWT-EventQueue-0] o.s.jdbc.datasource.DataSourceUtils      : Fetching JDBC Connection from DataSource
2018-03-21 13:37:06.062 DEBUG   --- [AWT-EventQueue-0] o.s.j.d.DriverManagerDataSource          : Creating new JDBC DriverManager Connection to [jdbc:mysql://localhost:3306/bitcon?useUnicode=true&characterEncoding=UTF-8]
2018-03-21 13:37:06.270 DEBUG   --- [AWT-EventQueue-0] o.s.jdbc.core.BeanPropertyRowMapper      : Mapping column 'id' to property 'id' of type 'java.lang.Long'
2018-03-21 13:37:06.275 DEBUG   --- [AWT-EventQueue-0] o.s.jdbc.core.BeanPropertyRowMapper      : Mapping column 'secret_key' to property 'secret_key' of type 'java.lang.String'
2018-03-21 13:37:06.276 DEBUG   --- [AWT-EventQueue-0] o.s.jdbc.core.BeanPropertyRowMapper      : Mapping column 'api_key' to property 'api_key' of type 'java.lang.String'
2018-03-21 13:37:06.276 DEBUG   --- [AWT-EventQueue-0] o.s.jdbc.core.BeanPropertyRowMapper      : Mapping column 'name' to property 'name' of type 'java.lang.String'
2018-03-21 13:37:06.277 DEBUG   --- [AWT-EventQueue-0] o.s.jdbc.core.BeanPropertyRowMapper      : Mapping column 'email' to property 'email' of type 'java.lang.String'
2018-03-21 13:37:06.277 DEBUG   --- [AWT-EventQueue-0] o.s.jdbc.core.BeanPropertyRowMapper      : Mapping column 'sellTemplet' to property 'sellTemplet' of type 'java.lang.String'
2018-03-21 13:37:06.277 DEBUG   --- [AWT-EventQueue-0] o.s.jdbc.core.BeanPropertyRowMapper      : Mapping column 'buyTemplet' to property 'buyTemplet' of type 'java.lang.String'
2018-03-21 13:37:06.277 DEBUG   --- [AWT-EventQueue-0] o.s.jdbc.core.BeanPropertyRowMapper      : Mapping column 'salt' to property 'salt' of type 'java.lang.String'
2018-03-21 13:37:06.284 DEBUG   --- [AWT-EventQueue-0] o.s.jdbc.datasource.DataSourceUtils      : Returning JDBC Connection to DataSource
2018-03-21 13:37:06.285 DEBUG   --- [AWT-EventQueue-0] com.hzz.common.dao.ModelDao              : [b0cafddc-5ed4-41f4-ad56-e21c75e81a28] select success, return count 1
2018-03-21 15:17:36.714  INFO   --- [AWT-EventQueue-0] com.hzz.utils.PropertiesUtils            : 加载属性文件开始
2018-03-21 15:17:36.718  INFO   --- [AWT-EventQueue-0] com.hzz.utils.PropertiesUtils            : 加载属性文件结束
2018-03-21 15:17:41.365  INFO   --- [AWT-EventQueue-0] com.hzz.utils.PropertiesUtils            : 加载属性文件开始
2018-03-21 15:17:41.366  INFO   --- [AWT-EventQueue-0] com.hzz.utils.PropertiesUtils            : 加载属性文件结束
2018-03-21 15:17:41.394  INFO   --- [AWT-EventQueue-0] o.s.j.d.DriverManagerDataSource          : Loaded JDBC driver: com.mysql.jdbc.Driver
2018-03-21 15:17:41.524 DEBUG   --- [AWT-EventQueue-0] com.hzz.common.dao.ModelDao              : [bf539455-c5ed-4155-84e8-4b198559b5af] select : SELECT `id`,`secret_key`,`api_key`,`name`,`email`,`sellTemplet`,`buyTemplet`,`salt` FROM `bitcon_user`
2018-03-21 15:17:41.586 DEBUG   --- [AWT-EventQueue-0] o.s.jdbc.core.JdbcTemplate               : Executing prepared SQL query
2018-03-21 15:17:41.586 DEBUG   --- [AWT-EventQueue-0] o.s.jdbc.core.JdbcTemplate               : Executing prepared SQL statement [SELECT `id`,`secret_key`,`api_key`,`name`,`email`,`sellTemplet`,`buyTemplet`,`salt` FROM `bitcon_user`]
2018-03-21 15:17:41.590 DEBUG   --- [AWT-EventQueue-0] o.s.jdbc.datasource.DataSourceUtils      : Fetching JDBC Connection from DataSource
2018-03-21 15:17:41.590 DEBUG   --- [AWT-EventQueue-0] o.s.j.d.DriverManagerDataSource          : Creating new JDBC DriverManager Connection to [jdbc:mysql://localhost:3306/bitcon?useUnicode=true&characterEncoding=UTF-8]
2018-03-21 15:17:41.788 DEBUG   --- [AWT-EventQueue-0] o.s.jdbc.core.BeanPropertyRowMapper      : Mapping column 'id' to property 'id' of type 'java.lang.Long'
2018-03-21 15:17:41.793 DEBUG   --- [AWT-EventQueue-0] o.s.jdbc.core.BeanPropertyRowMapper      : Mapping column 'secret_key' to property 'secret_key' of type 'java.lang.String'
2018-03-21 15:17:41.794 DEBUG   --- [AWT-EventQueue-0] o.s.jdbc.core.BeanPropertyRowMapper      : Mapping column 'api_key' to property 'api_key' of type 'java.lang.String'
2018-03-21 15:17:41.794 DEBUG   --- [AWT-EventQueue-0] o.s.jdbc.core.BeanPropertyRowMapper      : Mapping column 'name' to property 'name' of type 'java.lang.String'
2018-03-21 15:17:41.795 DEBUG   --- [AWT-EventQueue-0] o.s.jdbc.core.BeanPropertyRowMapper      : Mapping column 'email' to property 'email' of type 'java.lang.String'
2018-03-21 15:17:41.795 DEBUG   --- [AWT-EventQueue-0] o.s.jdbc.core.BeanPropertyRowMapper      : Mapping column 'sellTemplet' to property 'sellTemplet' of type 'java.lang.String'
2018-03-21 15:17:41.796 DEBUG   --- [AWT-EventQueue-0] o.s.jdbc.core.BeanPropertyRowMapper      : Mapping column 'buyTemplet' to property 'buyTemplet' of type 'java.lang.String'
2018-03-21 15:17:41.796 DEBUG   --- [AWT-EventQueue-0] o.s.jdbc.core.BeanPropertyRowMapper      : Mapping column 'salt' to property 'salt' of type 'java.lang.String'
2018-03-21 15:17:41.803 DEBUG   --- [AWT-EventQueue-0] o.s.jdbc.datasource.DataSourceUtils      : Returning JDBC Connection to DataSource
2018-03-21 15:17:41.804 DEBUG   --- [AWT-EventQueue-0] com.hzz.common.dao.ModelDao              : [bf539455-c5ed-4155-84e8-4b198559b5af] select success, return count 1
2018-03-21 15:17:46.077  INFO   --- [AWT-EventQueue-0] com.hzz.utils.PropertiesUtils            : 加载属性文件开始
2018-03-21 15:17:46.077  INFO   --- [AWT-EventQueue-0] com.hzz.utils.PropertiesUtils            : 加载属性文件结束
2018-03-21 15:17:46.077  INFO   --- [AWT-EventQueue-0] o.s.j.d.DriverManagerDataSource          : Loaded JDBC driver: com.mysql.jdbc.Driver
2018-03-21 15:17:46.078 DEBUG   --- [AWT-EventQueue-0] com.hzz.common.dao.ModelDao              : [ed956d55-3937-4fcf-8312-1595e0d0d126] select : SELECT `id`,`secret_key`,`api_key`,`name`,`email`,`sellTemplet`,`buyTemplet`,`salt` FROM `bitcon_user`
2018-03-21 15:17:46.078 DEBUG   --- [AWT-EventQueue-0] o.s.jdbc.core.JdbcTemplate               : Executing prepared SQL query
2018-03-21 15:17:46.078 DEBUG   --- [AWT-EventQueue-0] o.s.jdbc.core.JdbcTemplate               : Executing prepared SQL statement [SELECT `id`,`secret_key`,`api_key`,`name`,`email`,`sellTemplet`,`buyTemplet`,`salt` FROM `bitcon_user`]
2018-03-21 15:17:46.078 DEBUG   --- [AWT-EventQueue-0] o.s.jdbc.datasource.DataSourceUtils      : Fetching JDBC Connection from DataSource
2018-03-21 15:17:46.078 DEBUG   --- [AWT-EventQueue-0] o.s.j.d.DriverManagerDataSource          : Creating new JDBC DriverManager Connection to [jdbc:mysql://localhost:3306/bitcon?useUnicode=true&characterEncoding=UTF-8]
2018-03-21 15:17:46.082 DEBUG   --- [AWT-EventQueue-0] o.s.jdbc.core.BeanPropertyRowMapper      : Mapping column 'id' to property 'id' of type 'java.lang.Long'
2018-03-21 15:17:46.083 DEBUG   --- [AWT-EventQueue-0] o.s.jdbc.core.BeanPropertyRowMapper      : Mapping column 'secret_key' to property 'secret_key' of type 'java.lang.String'
2018-03-21 15:17:46.083 DEBUG   --- [AWT-EventQueue-0] o.s.jdbc.core.BeanPropertyRowMapper      : Mapping column 'api_key' to property 'api_key' of type 'java.lang.String'
2018-03-21 15:17:46.083 DEBUG   --- [AWT-EventQueue-0] o.s.jdbc.core.BeanPropertyRowMapper      : Mapping column 'name' to property 'name' of type 'java.lang.String'
2018-03-21 15:17:46.083 DEBUG   --- [AWT-EventQueue-0] o.s.jdbc.core.BeanPropertyRowMapper      : Mapping column 'email' to property 'email' of type 'java.lang.String'
2018-03-21 15:17:46.083 DEBUG   --- [AWT-EventQueue-0] o.s.jdbc.core.BeanPropertyRowMapper      : Mapping column 'sellTemplet' to property 'sellTemplet' of type 'java.lang.String'
2018-03-21 15:17:46.084 DEBUG   --- [AWT-EventQueue-0] o.s.jdbc.core.BeanPropertyRowMapper      : Mapping column 'buyTemplet' to property 'buyTemplet' of type 'java.lang.String'
2018-03-21 15:17:46.084 DEBUG   --- [AWT-EventQueue-0] o.s.jdbc.core.BeanPropertyRowMapper      : Mapping column 'salt' to property 'salt' of type 'java.lang.String'
2018-03-21 15:17:46.084 DEBUG   --- [AWT-EventQueue-0] o.s.jdbc.datasource.DataSourceUtils      : Returning JDBC Connection to DataSource
2018-03-21 15:17:46.085 DEBUG   --- [AWT-EventQueue-0] com.hzz.common.dao.ModelDao              : [ed956d55-3937-4fcf-8312-1595e0d0d126] select success, return count 1
2018-03-21 16:37:32.789  INFO   --- [AWT-EventQueue-0] com.hzz.utils.PropertiesUtils            : 加载属性文件开始
2018-03-21 16:37:32.792  INFO   --- [AWT-EventQueue-0] com.hzz.utils.PropertiesUtils            : 加载属性文件结束
2018-03-21 16:37:32.806  INFO   --- [AWT-EventQueue-0] o.s.j.d.DriverManagerDataSource          : Loaded JDBC driver: com.mysql.jdbc.Driver
2018-03-21 16:40:14.115  INFO   --- [AWT-EventQueue-0] com.hzz.utils.PropertiesUtils            : 加载属性文件开始
2018-03-21 16:40:14.118  INFO   --- [AWT-EventQueue-0] com.hzz.utils.PropertiesUtils            : 加载属性文件结束
2018-03-21 16:40:14.130  INFO   --- [AWT-EventQueue-0] o.s.j.d.DriverManagerDataSource          : Loaded JDBC driver: com.mysql.jdbc.Driver
2018-03-21 16:40:35.022  INFO   --- [AWT-EventQueue-0] com.hzz.utils.PropertiesUtils            : 加载属性文件开始
2018-03-21 16:40:35.026  INFO   --- [AWT-EventQueue-0] com.hzz.utils.PropertiesUtils            : 加载属性文件结束
2018-03-21 16:40:35.038  INFO   --- [AWT-EventQueue-0] o.s.j.d.DriverManagerDataSource          : Loaded JDBC driver: com.mysql.jdbc.Driver
2018-03-21 16:40:59.207  INFO   --- [AWT-EventQueue-0] com.hzz.utils.PropertiesUtils            : 加载属性文件开始
2018-03-21 16:40:59.211  INFO   --- [AWT-EventQueue-0] com.hzz.utils.PropertiesUtils            : 加载属性文件结束
2018-03-21 16:40:59.225  INFO   --- [AWT-EventQueue-0] o.s.j.d.DriverManagerDataSource          : Loaded JDBC driver: com.mysql.jdbc.Driver
2018-03-21 16:41:21.415  INFO   --- [AWT-EventQueue-0] com.hzz.utils.PropertiesUtils            : 加载属性文件开始
2018-03-21 16:41:21.418  INFO   --- [AWT-EventQueue-0] com.hzz.utils.PropertiesUtils            : 加载属性文件结束
2018-03-21 16:41:21.428  INFO   --- [AWT-EventQueue-0] o.s.j.d.DriverManagerDataSource          : Loaded JDBC driver: com.mysql.jdbc.Driver
2018-03-21 16:41:36.239  INFO   --- [AWT-EventQueue-0] com.hzz.utils.PropertiesUtils            : 加载属性文件开始
2018-03-21 16:41:36.242  INFO   --- [AWT-EventQueue-0] com.hzz.utils.PropertiesUtils            : 加载属性文件结束
2018-03-21 16:41:36.254  INFO   --- [AWT-EventQueue-0] o.s.j.d.DriverManagerDataSource          : Loaded JDBC driver: com.mysql.jdbc.Driver
2018-03-21 16:41:44.633  INFO   --- [AWT-EventQueue-0] com.hzz.utils.PropertiesUtils            : 加载属性文件开始
2018-03-21 16:41:44.637  INFO   --- [AWT-EventQueue-0] com.hzz.utils.PropertiesUtils            : 加载属性文件结束
2018-03-21 16:41:44.648  INFO   --- [AWT-EventQueue-0] o.s.j.d.DriverManagerDataSource          : Loaded JDBC driver: com.mysql.jdbc.Driver
2018-03-21 16:41:53.842  INFO   --- [AWT-EventQueue-0] com.hzz.utils.PropertiesUtils            : 加载属性文件开始
2018-03-21 16:41:53.845  INFO   --- [AWT-EventQueue-0] com.hzz.utils.PropertiesUtils            : 加载属性文件结束
2018-03-21 16:41:53.856  INFO   --- [AWT-EventQueue-0] o.s.j.d.DriverManagerDataSource          : Loaded JDBC driver: com.mysql.jdbc.Driver
2018-03-21 16:42:06.640  INFO   --- [AWT-EventQueue-0] com.hzz.utils.PropertiesUtils            : 加载属性文件开始
2018-03-21 16:42:06.643  INFO   --- [AWT-EventQueue-0] com.hzz.utils.PropertiesUtils            : 加载属性文件结束
2018-03-21 16:42:06.655  INFO   --- [AWT-EventQueue-0] o.s.j.d.DriverManagerDataSource          : Loaded JDBC driver: com.mysql.jdbc.Driver
2018-03-21 16:42:35.576  INFO   --- [AWT-EventQueue-0] com.hzz.utils.PropertiesUtils            : 加载属性文件开始
2018-03-21 16:42:35.580  INFO   --- [AWT-EventQueue-0] com.hzz.utils.PropertiesUtils            : 加载属性文件结束
2018-03-21 16:42:35.593  INFO   --- [AWT-EventQueue-0] o.s.j.d.DriverManagerDataSource          : Loaded JDBC driver: com.mysql.jdbc.Driver
2018-03-21 16:56:10.738  INFO   --- [AWT-EventQueue-0] com.hzz.utils.PropertiesUtils            : 加载属性文件开始
2018-03-21 16:56:10.742  INFO   --- [AWT-EventQueue-0] com.hzz.utils.PropertiesUtils            : 加载属性文件结束
2018-03-21 16:56:10.757  INFO   --- [AWT-EventQueue-0] o.s.j.d.DriverManagerDataSource          : Loaded JDBC driver: com.mysql.jdbc.Driver
2018-03-21 16:56:51.126  INFO   --- [AWT-EventQueue-0] com.hzz.utils.PropertiesUtils            : 加载属性文件开始
2018-03-21 16:56:51.129  INFO   --- [AWT-EventQueue-0] com.hzz.utils.PropertiesUtils            : 加载属性文件结束
2018-03-21 16:56:51.140  INFO   --- [AWT-EventQueue-0] o.s.j.d.DriverManagerDataSource          : Loaded JDBC driver: com.mysql.jdbc.Driver
2018-03-21 16:57:35.051  INFO   --- [AWT-EventQueue-0] com.hzz.utils.PropertiesUtils            : 加载属性文件开始
2018-03-21 16:57:35.054  INFO   --- [AWT-EventQueue-0] com.hzz.utils.PropertiesUtils            : 加载属性文件结束
2018-03-21 16:57:35.068  INFO   --- [AWT-EventQueue-0] o.s.j.d.DriverManagerDataSource          : Loaded JDBC driver: com.mysql.jdbc.Driver
2018-03-21 16:59:09.096  INFO   --- [AWT-EventQueue-0] com.hzz.utils.PropertiesUtils            : 加载属性文件开始
2018-03-21 16:59:09.099  INFO   --- [AWT-EventQueue-0] com.hzz.utils.PropertiesUtils            : 加载属性文件结束
2018-03-21 16:59:09.117  INFO   --- [AWT-EventQueue-0] o.s.j.d.DriverManagerDataSource          : Loaded JDBC driver: com.mysql.jdbc.Driver
2018-03-21 16:59:19.567  INFO   --- [AWT-EventQueue-0] com.hzz.utils.PropertiesUtils            : 加载属性文件开始
2018-03-21 16:59:19.571  INFO   --- [AWT-EventQueue-0] com.hzz.utils.PropertiesUtils            : 加载属性文件结束
2018-03-21 16:59:19.586  INFO   --- [AWT-EventQueue-0] o.s.j.d.DriverManagerDataSource          : Loaded JDBC driver: com.mysql.jdbc.Driver
2018-03-21 16:59:45.158  INFO   --- [AWT-EventQueue-0] com.hzz.utils.PropertiesUtils            : 加载属性文件开始
2018-03-21 16:59:45.161  INFO   --- [AWT-EventQueue-0] com.hzz.utils.PropertiesUtils            : 加载属性文件结束
2018-03-21 16:59:45.173  INFO   --- [AWT-EventQueue-0] o.s.j.d.DriverManagerDataSource          : Loaded JDBC driver: com.mysql.jdbc.Driver
2018-03-21 17:00:05.961  INFO   --- [AWT-EventQueue-0] com.hzz.utils.PropertiesUtils            : 加载属性文件开始
2018-03-21 17:00:05.964  INFO   --- [AWT-EventQueue-0] com.hzz.utils.PropertiesUtils            : 加载属性文件结束
2018-03-21 17:00:05.975  INFO   --- [AWT-EventQueue-0] o.s.j.d.DriverManagerDataSource          : Loaded JDBC driver: com.mysql.jdbc.Driver
2018-03-21 17:00:19.713  INFO   --- [AWT-EventQueue-0] com.hzz.utils.PropertiesUtils            : 加载属性文件开始
2018-03-21 17:00:19.716  INFO   --- [AWT-EventQueue-0] com.hzz.utils.PropertiesUtils            : 加载属性文件结束
2018-03-21 17:00:19.727  INFO   --- [AWT-EventQueue-0] o.s.j.d.DriverManagerDataSource          : Loaded JDBC driver: com.mysql.jdbc.Driver
2018-03-21 17:02:50.749  INFO   --- [AWT-EventQueue-0] com.hzz.utils.PropertiesUtils            : 加载属性文件开始
2018-03-21 17:02:50.750  INFO   --- [AWT-EventQueue-0] com.hzz.utils.PropertiesUtils            : 加载属性文件结束
2018-03-21 17:02:55.985  INFO   --- [AWT-EventQueue-0] com.hzz.utils.PropertiesUtils            : 加载属性文件开始
2018-03-21 17:02:55.986  INFO   --- [AWT-EventQueue-0] com.hzz.utils.PropertiesUtils            : 加载属性文件结束
2018-03-21 17:02:55.986  INFO   --- [AWT-EventQueue-0] o.s.j.d.DriverManagerDataSource          : Loaded JDBC driver: com.mysql.jdbc.Driver
2018-03-21 17:02:56.151 DEBUG   --- [AWT-EventQueue-0] com.hzz.common.dao.ModelDao              : [db50371f-889d-47db-9767-7f95ba16d6a8] select : SELECT `id`,`secret_key`,`api_key`,`name`,`email`,`sellTemplet`,`buyTemplet`,`salt` FROM `bitcon_user`
2018-03-21 17:02:56.208 DEBUG   --- [AWT-EventQueue-0] o.s.jdbc.core.JdbcTemplate               : Executing prepared SQL query
2018-03-21 17:02:56.209 DEBUG   --- [AWT-EventQueue-0] o.s.jdbc.core.JdbcTemplate               : Executing prepared SQL statement [SELECT `id`,`secret_key`,`api_key`,`name`,`email`,`sellTemplet`,`buyTemplet`,`salt` FROM `bitcon_user`]
2018-03-21 17:02:56.212 DEBUG   --- [AWT-EventQueue-0] o.s.jdbc.datasource.DataSourceUtils      : Fetching JDBC Connection from DataSource
2018-03-21 17:02:56.212 DEBUG   --- [AWT-EventQueue-0] o.s.j.d.DriverManagerDataSource          : Creating new JDBC DriverManager Connection to [jdbc:mysql://localhost:3306/bitcon?useUnicode=true&characterEncoding=UTF-8]
2018-03-21 17:02:56.443 DEBUG   --- [AWT-EventQueue-0] o.s.jdbc.core.BeanPropertyRowMapper      : Mapping column 'id' to property 'id' of type 'java.lang.Long'
2018-03-21 17:02:56.448 DEBUG   --- [AWT-EventQueue-0] o.s.jdbc.core.BeanPropertyRowMapper      : Mapping column 'secret_key' to property 'secret_key' of type 'java.lang.String'
2018-03-21 17:02:56.448 DEBUG   --- [AWT-EventQueue-0] o.s.jdbc.core.BeanPropertyRowMapper      : Mapping column 'api_key' to property 'api_key' of type 'java.lang.String'
2018-03-21 17:02:56.449 DEBUG   --- [AWT-EventQueue-0] o.s.jdbc.core.BeanPropertyRowMapper      : Mapping column 'name' to property 'name' of type 'java.lang.String'
2018-03-21 17:02:56.449 DEBUG   --- [AWT-EventQueue-0] o.s.jdbc.core.BeanPropertyRowMapper      : Mapping column 'email' to property 'email' of type 'java.lang.String'
2018-03-21 17:02:56.449 DEBUG   --- [AWT-EventQueue-0] o.s.jdbc.core.BeanPropertyRowMapper      : Mapping column 'sellTemplet' to property 'sellTemplet' of type 'java.lang.String'
2018-03-21 17:02:56.450 DEBUG   --- [AWT-EventQueue-0] o.s.jdbc.core.BeanPropertyRowMapper      : Mapping column 'buyTemplet' to property 'buyTemplet' of type 'java.lang.String'
2018-03-21 17:02:56.450 DEBUG   --- [AWT-EventQueue-0] o.s.jdbc.core.BeanPropertyRowMapper      : Mapping column 'salt' to property 'salt' of type 'java.lang.String'
2018-03-21 17:02:56.457 DEBUG   --- [AWT-EventQueue-0] o.s.jdbc.datasource.DataSourceUtils      : Returning JDBC Connection to DataSource
2018-03-21 17:02:56.458 DEBUG   --- [AWT-EventQueue-0] com.hzz.common.dao.ModelDao              : [db50371f-889d-47db-9767-7f95ba16d6a8] select success, return count 1
2018-03-21 17:02:59.626  INFO   --- [AWT-EventQueue-0] com.hzz.utils.PropertiesUtils            : 加载属性文件开始
2018-03-21 17:02:59.627  INFO   --- [AWT-EventQueue-0] com.hzz.utils.PropertiesUtils            : 加载属性文件结束
2018-03-21 17:02:59.627  INFO   --- [AWT-EventQueue-0] o.s.j.d.DriverManagerDataSource          : Loaded JDBC driver: com.mysql.jdbc.Driver
2018-03-21 17:02:59.629 DEBUG   --- [AWT-EventQueue-0] com.hzz.common.dao.ModelDao              : [bfc1c2f9-e51f-4a64-8f23-23ca2102ba60] select : SELECT `id`,`secret_key`,`api_key`,`name`,`email`,`sellTemplet`,`buyTemplet`,`salt` FROM `bitcon_user`
2018-03-21 17:02:59.629 DEBUG   --- [AWT-EventQueue-0] o.s.jdbc.core.JdbcTemplate               : Executing prepared SQL query
2018-03-21 17:02:59.630 DEBUG   --- [AWT-EventQueue-0] o.s.jdbc.core.JdbcTemplate               : Executing prepared SQL statement [SELECT `id`,`secret_key`,`api_key`,`name`,`email`,`sellTemplet`,`buyTemplet`,`salt` FROM `bitcon_user`]
2018-03-21 17:02:59.630 DEBUG   --- [AWT-EventQueue-0] o.s.jdbc.datasource.DataSourceUtils      : Fetching JDBC Connection from DataSource
2018-03-21 17:02:59.630 DEBUG   --- [AWT-EventQueue-0] o.s.j.d.DriverManagerDataSource          : Creating new JDBC DriverManager Connection to [jdbc:mysql://localhost:3306/bitcon?useUnicode=true&characterEncoding=UTF-8]
2018-03-21 17:02:59.645 DEBUG   --- [AWT-EventQueue-0] o.s.jdbc.core.BeanPropertyRowMapper      : Mapping column 'id' to property 'id' of type 'java.lang.Long'
2018-03-21 17:02:59.646 DEBUG   --- [AWT-EventQueue-0] o.s.jdbc.core.BeanPropertyRowMapper      : Mapping column 'secret_key' to property 'secret_key' of type 'java.lang.String'
2018-03-21 17:02:59.646 DEBUG   --- [AWT-EventQueue-0] o.s.jdbc.core.BeanPropertyRowMapper      : Mapping column 'api_key' to property 'api_key' of type 'java.lang.String'
2018-03-21 17:02:59.647 DEBUG   --- [AWT-EventQueue-0] o.s.jdbc.core.BeanPropertyRowMapper      : Mapping column 'name' to property 'name' of type 'java.lang.String'
2018-03-21 17:02:59.648 DEBUG   --- [AWT-EventQueue-0] o.s.jdbc.core.BeanPropertyRowMapper      : Mapping column 'email' to property 'email' of type 'java.lang.String'
2018-03-21 17:02:59.649 DEBUG   --- [AWT-EventQueue-0] o.s.jdbc.core.BeanPropertyRowMapper      : Mapping column 'sellTemplet' to property 'sellTemplet' of type 'java.lang.String'
2018-03-21 17:02:59.649 DEBUG   --- [AWT-EventQueue-0] o.s.jdbc.core.BeanPropertyRowMapper      : Mapping column 'buyTemplet' to property 'buyTemplet' of type 'java.lang.String'
2018-03-21 17:02:59.650 DEBUG   --- [AWT-EventQueue-0] o.s.jdbc.core.BeanPropertyRowMapper      : Mapping column 'salt' to property 'salt' of type 'java.lang.String'
2018-03-21 17:02:59.652 DEBUG   --- [AWT-EventQueue-0] o.s.jdbc.datasource.DataSourceUtils      : Returning JDBC Connection to DataSource
2018-03-21 17:02:59.653 DEBUG   --- [AWT-EventQueue-0] com.hzz.common.dao.ModelDao              : [bfc1c2f9-e51f-4a64-8f23-23ca2102ba60] select success, return count 1
2018-03-21 17:03:13.968  INFO   --- [AWT-EventQueue-0] com.hzz.utils.PropertiesUtils            : 加载属性文件开始
2018-03-21 17:03:13.971  INFO   --- [AWT-EventQueue-0] com.hzz.utils.PropertiesUtils            : 加载属性文件结束
2018-03-21 17:03:13.982  INFO   --- [AWT-EventQueue-0] o.s.j.d.DriverManagerDataSource          : Loaded JDBC driver: com.mysql.jdbc.Driver
2018-03-21 17:03:15.802  INFO   --- [AWT-EventQueue-0] com.hzz.utils.PropertiesUtils            : 加载属性文件开始
2018-03-21 17:03:15.803  INFO   --- [AWT-EventQueue-0] com.hzz.utils.PropertiesUtils            : 加载属性文件结束
2018-03-21 17:03:18.056  INFO   --- [AWT-EventQueue-0] com.hzz.utils.PropertiesUtils            : 加载属性文件开始
2018-03-21 17:03:18.057  INFO   --- [AWT-EventQueue-0] com.hzz.utils.PropertiesUtils            : 加载属性文件结束
2018-03-21 17:03:18.058  INFO   --- [AWT-EventQueue-0] o.s.j.d.DriverManagerDataSource          : Loaded JDBC driver: com.mysql.jdbc.Driver
2018-03-21 17:03:18.190 DEBUG   --- [AWT-EventQueue-0] com.hzz.common.dao.ModelDao              : [cc505453-3e7c-4317-a97a-5dd12276dd2d] select : SELECT `id`,`secret_key`,`api_key`,`name`,`email`,`sellTemplet`,`buyTemplet`,`salt` FROM `bitcon_user`
2018-03-21 17:03:18.246 DEBUG   --- [AWT-EventQueue-0] o.s.jdbc.core.JdbcTemplate               : Executing prepared SQL query
2018-03-21 17:03:18.246 DEBUG   --- [AWT-EventQueue-0] o.s.jdbc.core.JdbcTemplate               : Executing prepared SQL statement [SELECT `id`,`secret_key`,`api_key`,`name`,`email`,`sellTemplet`,`buyTemplet`,`salt` FROM `bitcon_user`]
2018-03-21 17:03:18.249 DEBUG   --- [AWT-EventQueue-0] o.s.jdbc.datasource.DataSourceUtils      : Fetching JDBC Connection from DataSource
2018-03-21 17:03:18.250 DEBUG   --- [AWT-EventQueue-0] o.s.j.d.DriverManagerDataSource          : Creating new JDBC DriverManager Connection to [jdbc:mysql://localhost:3306/bitcon?useUnicode=true&characterEncoding=UTF-8]
2018-03-21 17:03:18.483 DEBUG   --- [AWT-EventQueue-0] o.s.jdbc.core.BeanPropertyRowMapper      : Mapping column 'id' to property 'id' of type 'java.lang.Long'
2018-03-21 17:03:18.487 DEBUG   --- [AWT-EventQueue-0] o.s.jdbc.core.BeanPropertyRowMapper      : Mapping column 'secret_key' to property 'secret_key' of type 'java.lang.String'
2018-03-21 17:03:18.488 DEBUG   --- [AWT-EventQueue-0] o.s.jdbc.core.BeanPropertyRowMapper      : Mapping column 'api_key' to property 'api_key' of type 'java.lang.String'
2018-03-21 17:03:18.488 DEBUG   --- [AWT-EventQueue-0] o.s.jdbc.core.BeanPropertyRowMapper      : Mapping column 'name' to property 'name' of type 'java.lang.String'
2018-03-21 17:03:18.488 DEBUG   --- [AWT-EventQueue-0] o.s.jdbc.core.BeanPropertyRowMapper      : Mapping column 'email' to property 'email' of type 'java.lang.String'
2018-03-21 17:03:18.489 DEBUG   --- [AWT-EventQueue-0] o.s.jdbc.core.BeanPropertyRowMapper      : Mapping column 'sellTemplet' to property 'sellTemplet' of type 'java.lang.String'
2018-03-21 17:03:18.489 DEBUG   --- [AWT-EventQueue-0] o.s.jdbc.core.BeanPropertyRowMapper      : Mapping column 'buyTemplet' to property 'buyTemplet' of type 'java.lang.String'
2018-03-21 17:03:18.489 DEBUG   --- [AWT-EventQueue-0] o.s.jdbc.core.BeanPropertyRowMapper      : Mapping column 'salt' to property 'salt' of type 'java.lang.String'
2018-03-21 17:03:18.496 DEBUG   --- [AWT-EventQueue-0] o.s.jdbc.datasource.DataSourceUtils      : Returning JDBC Connection to DataSource
2018-03-21 17:03:18.498 DEBUG   --- [AWT-EventQueue-0] com.hzz.common.dao.ModelDao              : [cc505453-3e7c-4317-a97a-5dd12276dd2d] select success, return count 1
2018-03-21 17:03:21.369  INFO   --- [AWT-EventQueue-0] com.hzz.utils.PropertiesUtils            : 加载属性文件开始
2018-03-21 17:03:21.370  INFO   --- [AWT-EventQueue-0] com.hzz.utils.PropertiesUtils            : 加载属性文件结束
2018-03-21 17:03:21.370  INFO   --- [AWT-EventQueue-0] o.s.j.d.DriverManagerDataSource          : Loaded JDBC driver: com.mysql.jdbc.Driver
2018-03-21 17:03:21.372 DEBUG   --- [AWT-EventQueue-0] com.hzz.common.dao.ModelDao              : [527caa3b-ea41-4de2-ba85-8c9e0287e638] select : SELECT `id`,`secret_key`,`api_key`,`name`,`email`,`sellTemplet`,`buyTemplet`,`salt` FROM `bitcon_user`
2018-03-21 17:03:21.372 DEBUG   --- [AWT-EventQueue-0] o.s.jdbc.core.JdbcTemplate               : Executing prepared SQL query
2018-03-21 17:03:21.373 DEBUG   --- [AWT-EventQueue-0] o.s.jdbc.core.JdbcTemplate               : Executing prepared SQL statement [SELECT `id`,`secret_key`,`api_key`,`name`,`email`,`sellTemplet`,`buyTemplet`,`salt` FROM `bitcon_user`]
2018-03-21 17:03:21.373 DEBUG   --- [AWT-EventQueue-0] o.s.jdbc.datasource.DataSourceUtils      : Fetching JDBC Connection from DataSource
2018-03-21 17:03:21.373 DEBUG   --- [AWT-EventQueue-0] o.s.j.d.DriverManagerDataSource          : Creating new JDBC DriverManager Connection to [jdbc:mysql://localhost:3306/bitcon?useUnicode=true&characterEncoding=UTF-8]
2018-03-21 17:03:21.384 DEBUG   --- [AWT-EventQueue-0] o.s.jdbc.core.BeanPropertyRowMapper      : Mapping column 'id' to property 'id' of type 'java.lang.Long'
2018-03-21 17:03:21.385 DEBUG   --- [AWT-EventQueue-0] o.s.jdbc.core.BeanPropertyRowMapper      : Mapping column 'secret_key' to property 'secret_key' of type 'java.lang.String'
2018-03-21 17:03:21.386 DEBUG   --- [AWT-EventQueue-0] o.s.jdbc.core.BeanPropertyRowMapper      : Mapping column 'api_key' to property 'api_key' of type 'java.lang.String'
2018-03-21 17:03:21.386 DEBUG   --- [AWT-EventQueue-0] o.s.jdbc.core.BeanPropertyRowMapper      : Mapping column 'name' to property 'name' of type 'java.lang.String'
2018-03-21 17:03:21.386 DEBUG   --- [AWT-EventQueue-0] o.s.jdbc.core.BeanPropertyRowMapper      : Mapping column 'email' to property 'email' of type 'java.lang.String'
2018-03-21 17:03:21.387 DEBUG   --- [AWT-EventQueue-0] o.s.jdbc.core.BeanPropertyRowMapper      : Mapping column 'sellTemplet' to property 'sellTemplet' of type 'java.lang.String'
2018-03-21 17:03:21.388 DEBUG   --- [AWT-EventQueue-0] o.s.jdbc.core.BeanPropertyRowMapper      : Mapping column 'buyTemplet' to property 'buyTemplet' of type 'java.lang.String'
2018-03-21 17:03:21.388 DEBUG   --- [AWT-EventQueue-0] o.s.jdbc.core.BeanPropertyRowMapper      : Mapping column 'salt' to property 'salt' of type 'java.lang.String'
2018-03-21 17:03:21.390 DEBUG   --- [AWT-EventQueue-0] o.s.jdbc.datasource.DataSourceUtils      : Returning JDBC Connection to DataSource
2018-03-21 17:03:21.390 DEBUG   --- [AWT-EventQueue-0] com.hzz.common.dao.ModelDao              : [527caa3b-ea41-4de2-ba85-8c9e0287e638] select success, return count 1
